<?xml version="1.0" encoding="UTF-8"?>
<coverage generated="1540137480056" clover="3.2.0">
  <project timestamp="1540137480056" name="All files">
    <metrics statements="202" coveredstatements="70" conditionals="58" coveredconditionals="26" methods="92" coveredmethods="25" elements="352" coveredelements="121" complexity="0" loc="202" ncloc="202" packages="11" files="25" classes="25">
      <package name="strong-as-bull">
        <metrics statements="7" coveredstatements="6" conditionals="6" coveredconditionals="6" methods="4" coveredmethods="3"/>
        <file name="App.js" path="/Users/Mathias/Dropbox/Academics/NTNU/År 3 2018-19/Semester 1 Høst 2018/webutvikling/øving_3/it2810-webutvikling-h18-prosjekt-3-40/strong-as-bull/App.js">
          <metrics statements="7" coveredstatements="6" conditionals="6" coveredconditionals="6" methods="4" coveredmethods="3"/>
          <line num="12" count="3" type="cond" truecount="4" falsecount="0"/>
          <line num="13" count="1" type="stmt"/>
          <line num="21" count="2" type="stmt"/>
          <line num="31" count="1" type="stmt"/>
          <line num="49" count="0" type="stmt"/>
          <line num="53" count="1" type="stmt"/>
          <line num="57" count="1" type="stmt"/>
        </file>
      </package>
      <package name="strong-as-bull.assets.fonts">
        <metrics statements="1" coveredstatements="1" conditionals="0" coveredconditionals="0" methods="0" coveredmethods="0"/>
        <file name="SpaceMono-Regular.ttf" path="/Users/Mathias/Dropbox/Academics/NTNU/År 3 2018-19/Semester 1 Høst 2018/webutvikling/øving_3/it2810-webutvikling-h18-prosjekt-3-40/strong-as-bull/assets/fonts/SpaceMono-Regular.ttf">
          <metrics statements="1" coveredstatements="1" conditionals="0" coveredconditionals="0" methods="0" coveredmethods="0"/>
          <line num="1" count="1" type="stmt"/>
        </file>
      </package>
      <package name="strong-as-bull.assets.images">
        <metrics statements="3" coveredstatements="3" conditionals="0" coveredconditionals="0" methods="0" coveredmethods="0"/>
        <file name="icon.png" path="/Users/Mathias/Dropbox/Academics/NTNU/År 3 2018-19/Semester 1 Høst 2018/webutvikling/øving_3/it2810-webutvikling-h18-prosjekt-3-40/strong-as-bull/assets/images/icon.png">
          <metrics statements="1" coveredstatements="1" conditionals="0" coveredconditionals="0" methods="0" coveredmethods="0"/>
          <line num="1" count="2" type="stmt"/>
        </file>
        <file name="robot-dev.png" path="/Users/Mathias/Dropbox/Academics/NTNU/År 3 2018-19/Semester 1 Høst 2018/webutvikling/øving_3/it2810-webutvikling-h18-prosjekt-3-40/strong-as-bull/assets/images/robot-dev.png">
          <metrics statements="1" coveredstatements="1" conditionals="0" coveredconditionals="0" methods="0" coveredmethods="0"/>
          <line num="1" count="1" type="stmt"/>
        </file>
        <file name="robot-prod.png" path="/Users/Mathias/Dropbox/Academics/NTNU/År 3 2018-19/Semester 1 Høst 2018/webutvikling/øving_3/it2810-webutvikling-h18-prosjekt-3-40/strong-as-bull/assets/images/robot-prod.png">
          <metrics statements="1" coveredstatements="1" conditionals="0" coveredconditionals="0" methods="0" coveredmethods="0"/>
          <line num="1" count="1" type="stmt"/>
        </file>
      </package>
      <package name="strong-as-bull.components">
        <metrics statements="31" coveredstatements="5" conditionals="10" coveredconditionals="2" methods="15" coveredmethods="2"/>
        <file name="Note.js" path="/Users/Mathias/Dropbox/Academics/NTNU/År 3 2018-19/Semester 1 Høst 2018/webutvikling/øving_3/it2810-webutvikling-h18-prosjekt-3-40/strong-as-bull/components/Note.js">
          <metrics statements="3" coveredstatements="1" conditionals="2" coveredconditionals="0" methods="2" coveredmethods="0"/>
          <line num="10" count="0" type="stmt"/>
          <line num="13" count="0" type="stmt"/>
          <line num="28" count="2" type="stmt"/>
        </file>
        <file name="Pedometer.js" path="/Users/Mathias/Dropbox/Academics/NTNU/År 3 2018-19/Semester 1 Høst 2018/webutvikling/øving_3/it2810-webutvikling-h18-prosjekt-3-40/strong-as-bull/components/Pedometer.js">
          <metrics statements="26" coveredstatements="2" conditionals="6" coveredconditionals="0" methods="11" coveredmethods="0"/>
          <line num="14" count="0" type="stmt"/>
          <line num="15" count="0" type="stmt"/>
          <line num="25" count="0" type="stmt"/>
          <line num="29" count="0" type="stmt"/>
          <line num="34" count="0" type="stmt"/>
          <line num="35" count="0" type="stmt"/>
          <line num="39" count="0" type="cond" truecount="0" falsecount="2"/>
          <line num="40" count="0" type="stmt"/>
          <line num="45" count="0" type="stmt"/>
          <line num="52" count="0" type="stmt"/>
          <line num="54" count="0" type="stmt"/>
          <line num="59" count="0" type="stmt"/>
          <line num="65" count="0" type="stmt"/>
          <line num="66" count="0" type="stmt"/>
          <line num="67" count="0" type="stmt"/>
          <line num="69" count="0" type="stmt"/>
          <line num="71" count="0" type="stmt"/>
          <line num="76" count="0" type="cond" truecount="0" falsecount="2"/>
          <line num="77" count="0" type="stmt"/>
          <line num="82" count="0" type="stmt"/>
          <line num="88" count="0" type="stmt"/>
          <line num="97" count="0" type="cond" truecount="0" falsecount="2"/>
          <line num="98" count="0" type="stmt"/>
          <line num="102" count="0" type="stmt"/>
          <line num="112" count="2" type="stmt"/>
          <line num="122" count="2" type="stmt"/>
        </file>
        <file name="StyledText.js" path="/Users/Mathias/Dropbox/Academics/NTNU/År 3 2018-19/Semester 1 Høst 2018/webutvikling/øving_3/it2810-webutvikling-h18-prosjekt-3-40/strong-as-bull/components/StyledText.js">
          <metrics statements="1" coveredstatements="1" conditionals="0" coveredconditionals="0" methods="1" coveredmethods="1"/>
          <line num="6" count="1" type="stmt"/>
        </file>
        <file name="TabBarIcon.js" path="/Users/Mathias/Dropbox/Academics/NTNU/År 3 2018-19/Semester 1 Høst 2018/webutvikling/øving_3/it2810-webutvikling-h18-prosjekt-3-40/strong-as-bull/components/TabBarIcon.js">
          <metrics statements="1" coveredstatements="1" conditionals="2" coveredconditionals="2" methods="1" coveredmethods="1"/>
          <line num="8" count="16" type="stmt"/>
        </file>
      </package>
      <package name="strong-as-bull.components.Contacts">
        <metrics statements="3" coveredstatements="1" conditionals="2" coveredconditionals="0" methods="2" coveredmethods="0"/>
        <file name="Contact.js" path="/Users/Mathias/Dropbox/Academics/NTNU/År 3 2018-19/Semester 1 Høst 2018/webutvikling/øving_3/it2810-webutvikling-h18-prosjekt-3-40/strong-as-bull/components/Contacts/Contact.js">
          <metrics statements="3" coveredstatements="1" conditionals="2" coveredconditionals="0" methods="2" coveredmethods="0"/>
          <line num="10" count="0" type="stmt"/>
          <line num="14" count="0" type="stmt"/>
          <line num="34" count="3" type="stmt"/>
        </file>
      </package>
      <package name="strong-as-bull.constants">
        <metrics statements="1" coveredstatements="1" conditionals="0" coveredconditionals="0" methods="0" coveredmethods="0"/>
        <file name="Colors.js" path="/Users/Mathias/Dropbox/Academics/NTNU/År 3 2018-19/Semester 1 Høst 2018/webutvikling/øving_3/it2810-webutvikling-h18-prosjekt-3-40/strong-as-bull/constants/Colors.js">
          <metrics statements="1" coveredstatements="1" conditionals="0" coveredconditionals="0" methods="0" coveredmethods="0"/>
          <line num="1" count="1" type="stmt"/>
        </file>
      </package>
      <package name="strong-as-bull.navigation">
        <metrics statements="15" coveredstatements="15" conditionals="16" coveredconditionals="12" methods="4" coveredmethods="4"/>
        <file name="AppNavigator.js" path="/Users/Mathias/Dropbox/Academics/NTNU/År 3 2018-19/Semester 1 Høst 2018/webutvikling/øving_3/it2810-webutvikling-h18-prosjekt-3-40/strong-as-bull/navigation/AppNavigator.js">
          <metrics statements="0" coveredstatements="0" conditionals="0" coveredconditionals="0" methods="0" coveredmethods="0"/>
        </file>
        <file name="ContactsStackNavigator.js" path="/Users/Mathias/Dropbox/Academics/NTNU/År 3 2018-19/Semester 1 Høst 2018/webutvikling/øving_3/it2810-webutvikling-h18-prosjekt-3-40/strong-as-bull/navigation/ContactsStackNavigator.js">
          <metrics statements="1" coveredstatements="1" conditionals="0" coveredconditionals="0" methods="0" coveredmethods="0"/>
          <line num="10" count="1" type="stmt"/>
        </file>
        <file name="GoalsStackNavigation.js" path="/Users/Mathias/Dropbox/Academics/NTNU/År 3 2018-19/Semester 1 Høst 2018/webutvikling/øving_3/it2810-webutvikling-h18-prosjekt-3-40/strong-as-bull/navigation/GoalsStackNavigation.js">
          <metrics statements="1" coveredstatements="1" conditionals="0" coveredconditionals="0" methods="0" coveredmethods="0"/>
          <line num="8" count="1" type="stmt"/>
        </file>
        <file name="MainTabNavigator.js" path="/Users/Mathias/Dropbox/Academics/NTNU/År 3 2018-19/Semester 1 Høst 2018/webutvikling/øving_3/it2810-webutvikling-h18-prosjekt-3-40/strong-as-bull/navigation/MainTabNavigator.js">
          <metrics statements="12" coveredstatements="12" conditionals="16" coveredconditionals="12" methods="4" coveredmethods="4"/>
          <line num="13" count="1" type="stmt"/>
          <line num="17" count="1" type="stmt"/>
          <line num="20" count="4" type="stmt"/>
          <line num="31" count="1" type="stmt"/>
          <line num="37" count="1" type="stmt"/>
          <line num="40" count="4" type="stmt"/>
          <line num="47" count="1" type="stmt"/>
          <line num="54" count="1" type="stmt"/>
          <line num="57" count="4" type="stmt"/>
          <line num="64" count="1" type="stmt"/>
          <line num="70" count="1" type="stmt"/>
          <line num="73" count="4" type="stmt"/>
        </file>
        <file name="NotesStackNavigator.js" path="/Users/Mathias/Dropbox/Academics/NTNU/År 3 2018-19/Semester 1 Høst 2018/webutvikling/øving_3/it2810-webutvikling-h18-prosjekt-3-40/strong-as-bull/navigation/NotesStackNavigator.js">
          <metrics statements="1" coveredstatements="1" conditionals="0" coveredconditionals="0" methods="0" coveredmethods="0"/>
          <line num="10" count="1" type="stmt"/>
        </file>
      </package>
      <package name="strong-as-bull.screens">
        <metrics statements="2" coveredstatements="2" conditionals="0" coveredconditionals="0" methods="1" coveredmethods="1"/>
        <file name="HomeScreen.js" path="/Users/Mathias/Dropbox/Academics/NTNU/År 3 2018-19/Semester 1 Høst 2018/webutvikling/øving_3/it2810-webutvikling-h18-prosjekt-3-40/strong-as-bull/screens/HomeScreen.js">
          <metrics statements="2" coveredstatements="2" conditionals="0" coveredconditionals="0" methods="1" coveredmethods="1"/>
          <line num="14" count="3" type="stmt"/>
          <line num="31" count="2" type="stmt"/>
        </file>
      </package>
      <package name="strong-as-bull.screens.contacts">
        <metrics statements="63" coveredstatements="14" conditionals="14" coveredconditionals="4" methods="29" coveredmethods="5"/>
        <file name="ContactListScreen.js" path="/Users/Mathias/Dropbox/Academics/NTNU/År 3 2018-19/Semester 1 Høst 2018/webutvikling/øving_3/it2810-webutvikling-h18-prosjekt-3-40/strong-as-bull/screens/contacts/ContactListScreen.js">
          <metrics statements="36" coveredstatements="5" conditionals="4" coveredconditionals="0" methods="15" coveredmethods="2"/>
          <line num="13" count="0" type="stmt"/>
          <line num="17" count="0" type="stmt"/>
          <line num="31" count="1" type="stmt"/>
          <line num="32" count="1" type="stmt"/>
          <line num="39" count="0" type="stmt"/>
          <line num="40" count="0" type="cond" truecount="0" falsecount="2"/>
          <line num="41" count="0" type="stmt"/>
          <line num="42" count="0" type="stmt"/>
          <line num="45" count="0" type="stmt"/>
          <line num="55" count="1" type="stmt"/>
          <line num="56" count="0" type="stmt"/>
          <line num="61" count="0" type="stmt"/>
          <line num="73" count="0" type="stmt"/>
          <line num="77" count="0" type="stmt"/>
          <line num="78" count="0" type="stmt"/>
          <line num="104" count="1" type="stmt"/>
          <line num="114" count="0" type="stmt"/>
          <line num="115" count="0" type="stmt"/>
          <line num="116" count="0" type="stmt"/>
          <line num="119" count="0" type="stmt"/>
          <line num="124" count="0" type="stmt"/>
          <line num="125" count="0" type="stmt"/>
          <line num="126" count="0" type="stmt"/>
          <line num="127" count="0" type="stmt"/>
          <line num="131" count="0" type="stmt"/>
          <line num="132" count="0" type="stmt"/>
          <line num="136" count="0" type="stmt"/>
          <line num="137" count="0" type="stmt"/>
          <line num="138" count="0" type="cond" truecount="0" falsecount="2"/>
          <line num="139" count="0" type="stmt"/>
          <line num="142" count="0" type="stmt"/>
          <line num="147" count="0" type="stmt"/>
          <line num="148" count="0" type="stmt"/>
          <line num="149" count="0" type="stmt"/>
          <line num="152" count="0" type="stmt"/>
          <line num="159" count="3" type="stmt"/>
        </file>
        <file name="CreateContactScreen.js" path="/Users/Mathias/Dropbox/Academics/NTNU/År 3 2018-19/Semester 1 Høst 2018/webutvikling/øving_3/it2810-webutvikling-h18-prosjekt-3-40/strong-as-bull/screens/contacts/CreateContactScreen.js">
          <metrics statements="22" coveredstatements="8" conditionals="10" coveredconditionals="4" methods="12" coveredmethods="3"/>
          <line num="20" count="2" type="stmt"/>
          <line num="21" count="2" type="stmt"/>
          <line num="36" count="2" type="stmt"/>
          <line num="37" count="2" type="stmt"/>
          <line num="50" count="2" type="stmt"/>
          <line num="55" count="0" type="stmt"/>
          <line num="61" count="0" type="stmt"/>
          <line num="65" count="0" type="stmt"/>
          <line num="70" count="4" type="stmt"/>
          <line num="72" count="4" type="stmt"/>
          <line num="86" count="0" type="stmt"/>
          <line num="98" count="0" type="stmt"/>
          <line num="110" count="0" type="stmt"/>
          <line num="122" count="0" type="stmt"/>
          <line num="133" count="0" type="stmt"/>
          <line num="140" count="0" type="stmt"/>
          <line num="148" count="0" type="stmt"/>
          <line num="149" count="0" type="cond" truecount="0" falsecount="2"/>
          <line num="150" count="0" type="stmt"/>
          <line num="152" count="0" type="stmt"/>
          <line num="155" count="0" type="stmt"/>
          <line num="165" count="2" type="stmt"/>
        </file>
        <file name="ViewContactScreen.js" path="/Users/Mathias/Dropbox/Academics/NTNU/År 3 2018-19/Semester 1 Høst 2018/webutvikling/øving_3/it2810-webutvikling-h18-prosjekt-3-40/strong-as-bull/screens/contacts/ViewContactScreen.js">
          <metrics statements="5" coveredstatements="1" conditionals="0" coveredconditionals="0" methods="2" coveredmethods="0"/>
          <line num="13" count="0" type="stmt"/>
          <line num="14" count="0" type="stmt"/>
          <line num="17" count="0" type="stmt"/>
          <line num="26" count="0" type="stmt"/>
          <line num="47" count="2" type="stmt"/>
        </file>
      </package>
      <package name="strong-as-bull.screens.goals">
        <metrics statements="21" coveredstatements="9" conditionals="2" coveredconditionals="0" methods="11" coveredmethods="5"/>
        <file name="CreateGoalScreen.js" path="/Users/Mathias/Dropbox/Academics/NTNU/År 3 2018-19/Semester 1 Høst 2018/webutvikling/øving_3/it2810-webutvikling-h18-prosjekt-3-40/strong-as-bull/screens/goals/CreateGoalScreen.js">
          <metrics statements="14" coveredstatements="4" conditionals="2" coveredconditionals="0" methods="5" coveredmethods="2"/>
          <line num="11" count="1" type="stmt"/>
          <line num="12" count="1" type="stmt"/>
          <line num="18" count="0" type="stmt"/>
          <line num="19" count="0" type="stmt"/>
          <line num="20" count="0" type="stmt"/>
          <line num="21" count="0" type="cond" truecount="0" falsecount="2"/>
          <line num="22" count="0" type="stmt"/>
          <line num="23" count="0" type="stmt"/>
          <line num="24" count="0" type="stmt"/>
          <line num="27" count="0" type="stmt"/>
          <line num="32" count="1" type="stmt"/>
          <line num="39" count="0" type="stmt"/>
          <line num="42" count="0" type="stmt"/>
          <line num="50" count="2" type="stmt"/>
        </file>
        <file name="GoalsScreen.js" path="/Users/Mathias/Dropbox/Academics/NTNU/År 3 2018-19/Semester 1 Høst 2018/webutvikling/øving_3/it2810-webutvikling-h18-prosjekt-3-40/strong-as-bull/screens/goals/GoalsScreen.js">
          <metrics statements="7" coveredstatements="5" conditionals="0" coveredconditionals="0" methods="6" coveredmethods="3"/>
          <line num="12" count="1" type="stmt"/>
          <line num="13" count="1" type="stmt"/>
          <line num="19" count="1" type="stmt"/>
          <line num="23" count="0" type="stmt"/>
          <line num="27" count="2" type="stmt"/>
          <line num="38" count="0" type="stmt"/>
          <line num="46" count="2" type="stmt"/>
        </file>
      </package>
      <package name="strong-as-bull.screens.notes">
        <metrics statements="55" coveredstatements="13" conditionals="8" coveredconditionals="2" methods="26" coveredmethods="5"/>
        <file name="CreateNoteScreen.js" path="/Users/Mathias/Dropbox/Academics/NTNU/År 3 2018-19/Semester 1 Høst 2018/webutvikling/øving_3/it2810-webutvikling-h18-prosjekt-3-40/strong-as-bull/screens/notes/CreateNoteScreen.js">
          <metrics statements="18" coveredstatements="7" conditionals="6" coveredconditionals="2" methods="9" coveredmethods="3"/>
          <line num="17" count="1" type="stmt"/>
          <line num="18" count="1" type="stmt"/>
          <line num="29" count="1" type="stmt"/>
          <line num="30" count="1" type="stmt"/>
          <line num="39" count="1" type="stmt"/>
          <line num="44" count="0" type="stmt"/>
          <line num="50" count="0" type="stmt"/>
          <line num="54" count="0" type="stmt"/>
          <line num="58" count="2" type="stmt"/>
          <line num="68" count="0" type="stmt"/>
          <line num="80" count="0" type="stmt"/>
          <line num="87" count="0" type="stmt"/>
          <line num="91" count="0" type="stmt"/>
          <line num="92" count="0" type="cond" truecount="0" falsecount="2"/>
          <line num="93" count="0" type="stmt"/>
          <line num="95" count="0" type="stmt"/>
          <line num="98" count="0" type="stmt"/>
          <line num="108" count="2" type="stmt"/>
        </file>
        <file name="NoteListScreen.js" path="/Users/Mathias/Dropbox/Academics/NTNU/År 3 2018-19/Semester 1 Høst 2018/webutvikling/øving_3/it2810-webutvikling-h18-prosjekt-3-40/strong-as-bull/screens/notes/NoteListScreen.js">
          <metrics statements="33" coveredstatements="5" conditionals="2" coveredconditionals="0" methods="15" coveredmethods="2"/>
          <line num="12" count="0" type="stmt"/>
          <line num="16" count="0" type="stmt"/>
          <line num="30" count="1" type="stmt"/>
          <line num="31" count="1" type="stmt"/>
          <line num="37" count="0" type="stmt"/>
          <line num="38" count="0" type="stmt"/>
          <line num="46" count="1" type="stmt"/>
          <line num="47" count="0" type="stmt"/>
          <line num="52" count="0" type="stmt"/>
          <line num="64" count="0" type="stmt"/>
          <line num="68" count="0" type="stmt"/>
          <line num="69" count="0" type="stmt"/>
          <line num="95" count="1" type="stmt"/>
          <line num="106" count="0" type="stmt"/>
          <line num="107" count="0" type="stmt"/>
          <line num="108" count="0" type="stmt"/>
          <line num="111" count="0" type="stmt"/>
          <line num="116" count="0" type="stmt"/>
          <line num="117" count="0" type="stmt"/>
          <line num="118" count="0" type="stmt"/>
          <line num="119" count="0" type="stmt"/>
          <line num="123" count="0" type="stmt"/>
          <line num="124" count="0" type="stmt"/>
          <line num="128" count="0" type="stmt"/>
          <line num="129" count="0" type="stmt"/>
          <line num="130" count="0" type="cond" truecount="0" falsecount="2"/>
          <line num="131" count="0" type="stmt"/>
          <line num="135" count="0" type="stmt"/>
          <line num="140" count="0" type="stmt"/>
          <line num="141" count="0" type="stmt"/>
          <line num="142" count="0" type="stmt"/>
          <line num="145" count="0" type="stmt"/>
          <line num="152" count="2" type="stmt"/>
        </file>
        <file name="ViewNoteScreen.js" path="/Users/Mathias/Dropbox/Academics/NTNU/År 3 2018-19/Semester 1 Høst 2018/webutvikling/øving_3/it2810-webutvikling-h18-prosjekt-3-40/strong-as-bull/screens/notes/ViewNoteScreen.js">
          <metrics statements="4" coveredstatements="1" conditionals="0" coveredconditionals="0" methods="2" coveredmethods="0"/>
          <line num="13" count="0" type="stmt"/>
          <line num="14" count="0" type="stmt"/>
          <line num="21" count="0" type="stmt"/>
          <line num="34" count="2" type="stmt"/>
        </file>
      </package>
    </metrics>
  </project>
</coverage>
