{"/Users/Mathias/Dropbox/Academics/NTNU/År 3 2018-19/Semester 1 Høst 2018/webutvikling/øving_3/it2810-webutvikling-h18-prosjekt-3-40/strong-as-bull/App.js": {"path":"/Users/Mathias/Dropbox/Academics/NTNU/År 3 2018-19/Semester 1 Høst 2018/webutvikling/øving_3/it2810-webutvikling-h18-prosjekt-3-40/strong-as-bull/App.js","statementMap":{"0":{"start":{"line":12,"column":4},"end":{"line":27,"column":5}},"1":{"start":{"line":13,"column":6},"end":{"line":19,"column":8}},"2":{"start":{"line":21,"column":6},"end":{"line":26,"column":8}},"3":{"start":{"line":31,"column":4},"end":{"line":43,"column":7}},"4":{"start":{"line":49,"column":4},"end":{"line":49,"column":24}},"5":{"start":{"line":53,"column":4},"end":{"line":53,"column":47}},"6":{"start":{"line":57,"column":15},"end":{"line":62,"column":2}}},"fnMap":{"0":{"name":"(anonymous_0)","decl":{"start":{"line":11,"column":2},"end":{"line":11,"column":3}},"loc":{"start":{"line":11,"column":11},"end":{"line":28,"column":3}},"line":11},"1":{"name":"(anonymous_1)","decl":{"start":{"line":30,"column":24},"end":{"line":30,"column":25}},"loc":{"start":{"line":30,"column":36},"end":{"line":44,"column":3}},"line":30},"2":{"name":"(anonymous_2)","decl":{"start":{"line":46,"column":24},"end":{"line":46,"column":25}},"loc":{"start":{"line":46,"column":33},"end":{"line":50,"column":3}},"line":46},"3":{"name":"(anonymous_3)","decl":{"start":{"line":52,"column":25},"end":{"line":52,"column":26}},"loc":{"start":{"line":52,"column":31},"end":{"line":54,"column":3}},"line":52}},"branchMap":{"0":{"loc":{"start":{"line":12,"column":4},"end":{"line":27,"column":5}},"type":"if","locations":[{"start":{"line":12,"column":4},"end":{"line":27,"column":5}},{"start":{"line":12,"column":4},"end":{"line":27,"column":5}}],"line":12},"1":{"loc":{"start":{"line":12,"column":8},"end":{"line":12,"column":70}},"type":"binary-expr","locations":[{"start":{"line":12,"column":8},"end":{"line":12,"column":37}},{"start":{"line":12,"column":41},"end":{"line":12,"column":70}}],"line":12},"2":{"loc":{"start":{"line":23,"column":11},"end":{"line":23,"column":68}},"type":"binary-expr","locations":[{"start":{"line":23,"column":11},"end":{"line":23,"column":32}},{"start":{"line":23,"column":36},"end":{"line":23,"column":68}}],"line":23}},"s":{"0":3,"1":1,"2":2,"3":1,"4":0,"5":1,"6":1},"f":{"0":3,"1":1,"2":0,"3":1},"b":{"0":[1,2],"1":[3,2],"2":[2,2]},"_coverageSchema":"332fd63041d2c1bcb487cc26dd0d5f7d97098a6c","hash":"c5fed533f3208ffb0a659d75fbfee0245b601662"}
,"/Users/Mathias/Dropbox/Academics/NTNU/År 3 2018-19/Semester 1 Høst 2018/webutvikling/øving_3/it2810-webutvikling-h18-prosjekt-3-40/strong-as-bull/assets/fonts/SpaceMono-Regular.ttf": {"path":"/Users/Mathias/Dropbox/Academics/NTNU/År 3 2018-19/Semester 1 Høst 2018/webutvikling/øving_3/it2810-webutvikling-h18-prosjekt-3-40/strong-as-bull/assets/fonts/SpaceMono-Regular.ttf","statementMap":{"0":{"start":{"line":1,"column":0},"end":{"line":1,"column":19}}},"fnMap":{},"branchMap":{},"s":{"0":1},"f":{},"b":{},"_coverageSchema":"332fd63041d2c1bcb487cc26dd0d5f7d97098a6c","hash":"19769183e58bdb7318e708572d65fa658ca151b0"}
,"/Users/Mathias/Dropbox/Academics/NTNU/År 3 2018-19/Semester 1 Høst 2018/webutvikling/øving_3/it2810-webutvikling-h18-prosjekt-3-40/strong-as-bull/assets/images/icon.png": {"path":"/Users/Mathias/Dropbox/Academics/NTNU/År 3 2018-19/Semester 1 Høst 2018/webutvikling/øving_3/it2810-webutvikling-h18-prosjekt-3-40/strong-as-bull/assets/images/icon.png","statementMap":{"0":{"start":{"line":1,"column":0},"end":{"line":1,"column":19}}},"fnMap":{},"branchMap":{},"s":{"0":2},"f":{},"b":{},"_coverageSchema":"332fd63041d2c1bcb487cc26dd0d5f7d97098a6c","hash":"45057b223ef6985011d5633f59a049a82f63ce09"}
,"/Users/Mathias/Dropbox/Academics/NTNU/År 3 2018-19/Semester 1 Høst 2018/webutvikling/øving_3/it2810-webutvikling-h18-prosjekt-3-40/strong-as-bull/assets/images/robot-dev.png": {"path":"/Users/Mathias/Dropbox/Academics/NTNU/År 3 2018-19/Semester 1 Høst 2018/webutvikling/øving_3/it2810-webutvikling-h18-prosjekt-3-40/strong-as-bull/assets/images/robot-dev.png","statementMap":{"0":{"start":{"line":1,"column":0},"end":{"line":1,"column":19}}},"fnMap":{},"branchMap":{},"s":{"0":1},"f":{},"b":{},"_coverageSchema":"332fd63041d2c1bcb487cc26dd0d5f7d97098a6c","hash":"74ff0957cd94b566913349ef1e84d07651ed6695"}
,"/Users/Mathias/Dropbox/Academics/NTNU/År 3 2018-19/Semester 1 Høst 2018/webutvikling/øving_3/it2810-webutvikling-h18-prosjekt-3-40/strong-as-bull/assets/images/robot-prod.png": {"path":"/Users/Mathias/Dropbox/Academics/NTNU/År 3 2018-19/Semester 1 Høst 2018/webutvikling/øving_3/it2810-webutvikling-h18-prosjekt-3-40/strong-as-bull/assets/images/robot-prod.png","statementMap":{"0":{"start":{"line":1,"column":0},"end":{"line":1,"column":19}}},"fnMap":{},"branchMap":{},"s":{"0":1},"f":{},"b":{},"_coverageSchema":"332fd63041d2c1bcb487cc26dd0d5f7d97098a6c","hash":"0461fcca243722e9783ebf1c0bde011d2b613429"}
,"/Users/Mathias/Dropbox/Academics/NTNU/År 3 2018-19/Semester 1 Høst 2018/webutvikling/øving_3/it2810-webutvikling-h18-prosjekt-3-40/strong-as-bull/components/Note.js": {"path":"/Users/Mathias/Dropbox/Academics/NTNU/År 3 2018-19/Semester 1 Høst 2018/webutvikling/øving_3/it2810-webutvikling-h18-prosjekt-3-40/strong-as-bull/components/Note.js","statementMap":{"0":{"start":{"line":10,"column":8},"end":{"line":23,"column":10}},"1":{"start":{"line":13,"column":40},"end":{"line":13,"column":106}},"2":{"start":{"line":28,"column":15},"end":{"line":42,"column":2}}},"fnMap":{"0":{"name":"(anonymous_0)","decl":{"start":{"line":7,"column":4},"end":{"line":7,"column":5}},"loc":{"start":{"line":7,"column":13},"end":{"line":24,"column":5}},"line":7},"1":{"name":"(anonymous_1)","decl":{"start":{"line":13,"column":35},"end":{"line":13,"column":36}},"loc":{"start":{"line":13,"column":40},"end":{"line":13,"column":106}},"line":13}},"branchMap":{"0":{"loc":{"start":{"line":17,"column":25},"end":{"line":17,"column":95}},"type":"cond-expr","locations":[{"start":{"line":17,"column":62},"end":{"line":17,"column":72}},{"start":{"line":17,"column":75},"end":{"line":17,"column":95}}],"line":17}},"s":{"0":0,"1":0,"2":2},"f":{"0":0,"1":0},"b":{"0":[0,0]},"_coverageSchema":"332fd63041d2c1bcb487cc26dd0d5f7d97098a6c","hash":"aa79f7266f7b191529457940b36ae8fe0a55dada"}
,"/Users/Mathias/Dropbox/Academics/NTNU/År 3 2018-19/Semester 1 Høst 2018/webutvikling/øving_3/it2810-webutvikling-h18-prosjekt-3-40/strong-as-bull/components/Pedometer.js": {"path":"/Users/Mathias/Dropbox/Academics/NTNU/År 3 2018-19/Semester 1 Høst 2018/webutvikling/øving_3/it2810-webutvikling-h18-prosjekt-3-40/strong-as-bull/components/Pedometer.js","statementMap":{"0":{"start":{"line":14,"column":8},"end":{"line":14,"column":21}},"1":{"start":{"line":15,"column":8},"end":{"line":21,"column":10}},"2":{"start":{"line":25,"column":8},"end":{"line":25,"column":26}},"3":{"start":{"line":29,"column":8},"end":{"line":29,"column":28}},"4":{"start":{"line":34,"column":8},"end":{"line":50,"column":11}},"5":{"start":{"line":35,"column":12},"end":{"line":38,"column":15}},"6":{"start":{"line":39,"column":12},"end":{"line":48,"column":13}},"7":{"start":{"line":40,"column":16},"end":{"line":42,"column":18}},"8":{"start":{"line":45,"column":16},"end":{"line":47,"column":18}},"9":{"start":{"line":52,"column":8},"end":{"line":63,"column":10}},"10":{"start":{"line":54,"column":16},"end":{"line":56,"column":19}},"11":{"start":{"line":59,"column":16},"end":{"line":61,"column":19}},"12":{"start":{"line":65,"column":20},"end":{"line":65,"column":30}},"13":{"start":{"line":66,"column":18},"end":{"line":66,"column":28}},"14":{"start":{"line":67,"column":8},"end":{"line":67,"column":30}},"15":{"start":{"line":69,"column":8},"end":{"line":92,"column":10}},"16":{"start":{"line":71,"column":16},"end":{"line":74,"column":19}},"17":{"start":{"line":76,"column":16},"end":{"line":85,"column":17}},"18":{"start":{"line":77,"column":20},"end":{"line":79,"column":22}},"19":{"start":{"line":82,"column":20},"end":{"line":84,"column":22}},"20":{"start":{"line":88,"column":16},"end":{"line":90,"column":19}},"21":{"start":{"line":97,"column":8},"end":{"line":97,"column":58}},"22":{"start":{"line":98,"column":8},"end":{"line":98,"column":34}},"23":{"start":{"line":102,"column":8},"end":{"line":108,"column":10}},"24":{"start":{"line":112,"column":15},"end":{"line":120,"column":2}},"25":{"start":{"line":122,"column":0},"end":{"line":122,"column":44}}},"fnMap":{"0":{"name":"(anonymous_0)","decl":{"start":{"line":13,"column":4},"end":{"line":13,"column":5}},"loc":{"start":{"line":13,"column":23},"end":{"line":22,"column":5}},"line":13},"1":{"name":"(anonymous_1)","decl":{"start":{"line":24,"column":4},"end":{"line":24,"column":5}},"loc":{"start":{"line":24,"column":24},"end":{"line":26,"column":5}},"line":24},"2":{"name":"(anonymous_2)","decl":{"start":{"line":28,"column":4},"end":{"line":28,"column":5}},"loc":{"start":{"line":28,"column":27},"end":{"line":30,"column":5}},"line":28},"3":{"name":"(anonymous_3)","decl":{"start":{"line":32,"column":17},"end":{"line":32,"column":18}},"loc":{"start":{"line":32,"column":23},"end":{"line":93,"column":5}},"line":32},"4":{"name":"(anonymous_4)","decl":{"start":{"line":34,"column":54},"end":{"line":34,"column":55}},"loc":{"start":{"line":34,"column":64},"end":{"line":50,"column":9}},"line":34},"5":{"name":"(anonymous_5)","decl":{"start":{"line":53,"column":12},"end":{"line":53,"column":13}},"loc":{"start":{"line":53,"column":22},"end":{"line":57,"column":13}},"line":53},"6":{"name":"(anonymous_6)","decl":{"start":{"line":58,"column":12},"end":{"line":58,"column":13}},"loc":{"start":{"line":58,"column":21},"end":{"line":62,"column":13}},"line":58},"7":{"name":"(anonymous_7)","decl":{"start":{"line":70,"column":12},"end":{"line":70,"column":13}},"loc":{"start":{"line":70,"column":22},"end":{"line":86,"column":13}},"line":70},"8":{"name":"(anonymous_8)","decl":{"start":{"line":87,"column":12},"end":{"line":87,"column":13}},"loc":{"start":{"line":87,"column":21},"end":{"line":91,"column":13}},"line":87},"9":{"name":"(anonymous_9)","decl":{"start":{"line":95,"column":19},"end":{"line":95,"column":20}},"loc":{"start":{"line":95,"column":25},"end":{"line":99,"column":5}},"line":95},"10":{"name":"(anonymous_10)","decl":{"start":{"line":101,"column":4},"end":{"line":101,"column":5}},"loc":{"start":{"line":101,"column":13},"end":{"line":109,"column":5}},"line":101}},"branchMap":{"0":{"loc":{"start":{"line":39,"column":12},"end":{"line":48,"column":13}},"type":"if","locations":[{"start":{"line":39,"column":12},"end":{"line":48,"column":13}},{"start":{"line":39,"column":12},"end":{"line":48,"column":13}}],"line":39},"1":{"loc":{"start":{"line":76,"column":16},"end":{"line":85,"column":17}},"type":"if","locations":[{"start":{"line":76,"column":16},"end":{"line":85,"column":17}},{"start":{"line":76,"column":16},"end":{"line":85,"column":17}}],"line":76},"2":{"loc":{"start":{"line":97,"column":8},"end":{"line":97,"column":57}},"type":"binary-expr","locations":[{"start":{"line":97,"column":8},"end":{"line":97,"column":26}},{"start":{"line":97,"column":30},"end":{"line":97,"column":57}}],"line":97}},"s":{"0":0,"1":0,"2":0,"3":0,"4":0,"5":0,"6":0,"7":0,"8":0,"9":0,"10":0,"11":0,"12":0,"13":0,"14":0,"15":0,"16":0,"17":0,"18":0,"19":0,"20":0,"21":0,"22":0,"23":0,"24":2,"25":2},"f":{"0":0,"1":0,"2":0,"3":0,"4":0,"5":0,"6":0,"7":0,"8":0,"9":0,"10":0},"b":{"0":[0,0],"1":[0,0],"2":[0,0]},"_coverageSchema":"332fd63041d2c1bcb487cc26dd0d5f7d97098a6c","hash":"e30ddd74ea08907f89b65acf459cdba94d615e77"}
,"/Users/Mathias/Dropbox/Academics/NTNU/År 3 2018-19/Semester 1 Høst 2018/webutvikling/øving_3/it2810-webutvikling-h18-prosjekt-3-40/strong-as-bull/components/StyledText.js": {"path":"/Users/Mathias/Dropbox/Academics/NTNU/År 3 2018-19/Semester 1 Høst 2018/webutvikling/øving_3/it2810-webutvikling-h18-prosjekt-3-40/strong-as-bull/components/StyledText.js","statementMap":{"0":{"start":{"line":6,"column":4},"end":{"line":6,"column":93}}},"fnMap":{"0":{"name":"(anonymous_0)","decl":{"start":{"line":5,"column":2},"end":{"line":5,"column":3}},"loc":{"start":{"line":5,"column":11},"end":{"line":7,"column":3}},"line":5}},"branchMap":{},"s":{"0":1},"f":{"0":1},"b":{},"_coverageSchema":"332fd63041d2c1bcb487cc26dd0d5f7d97098a6c","hash":"87d35e00371c7b0e8864b6efbcbde3de8d25c129"}
,"/Users/Mathias/Dropbox/Academics/NTNU/År 3 2018-19/Semester 1 Høst 2018/webutvikling/øving_3/it2810-webutvikling-h18-prosjekt-3-40/strong-as-bull/components/TabBarIcon.js": {"path":"/Users/Mathias/Dropbox/Academics/NTNU/År 3 2018-19/Semester 1 Høst 2018/webutvikling/øving_3/it2810-webutvikling-h18-prosjekt-3-40/strong-as-bull/components/TabBarIcon.js","statementMap":{"0":{"start":{"line":8,"column":4},"end":{"line":15,"column":6}}},"fnMap":{"0":{"name":"(anonymous_0)","decl":{"start":{"line":7,"column":2},"end":{"line":7,"column":3}},"loc":{"start":{"line":7,"column":11},"end":{"line":16,"column":3}},"line":7}},"branchMap":{"0":{"loc":{"start":{"line":13,"column":15},"end":{"line":13,"column":82}},"type":"cond-expr","locations":[{"start":{"line":13,"column":36},"end":{"line":13,"column":58}},{"start":{"line":13,"column":61},"end":{"line":13,"column":82}}],"line":13}},"s":{"0":16},"f":{"0":16},"b":{"0":[8,8]},"_coverageSchema":"332fd63041d2c1bcb487cc26dd0d5f7d97098a6c","hash":"dfe31931e25d84cf2684a5fd5de19006fd62ec47"}
,"/Users/Mathias/Dropbox/Academics/NTNU/År 3 2018-19/Semester 1 Høst 2018/webutvikling/øving_3/it2810-webutvikling-h18-prosjekt-3-40/strong-as-bull/components/Contacts/Contact.js": {"path":"/Users/Mathias/Dropbox/Academics/NTNU/År 3 2018-19/Semester 1 Høst 2018/webutvikling/øving_3/it2810-webutvikling-h18-prosjekt-3-40/strong-as-bull/components/Contacts/Contact.js","statementMap":{"0":{"start":{"line":10,"column":8},"end":{"line":29,"column":10}},"1":{"start":{"line":14,"column":44},"end":{"line":14,"column":116}},"2":{"start":{"line":34,"column":15},"end":{"line":36,"column":2}}},"fnMap":{"0":{"name":"(anonymous_0)","decl":{"start":{"line":7,"column":4},"end":{"line":7,"column":5}},"loc":{"start":{"line":7,"column":13},"end":{"line":30,"column":5}},"line":7},"1":{"name":"(anonymous_1)","decl":{"start":{"line":14,"column":39},"end":{"line":14,"column":40}},"loc":{"start":{"line":14,"column":44},"end":{"line":14,"column":116}},"line":14}},"branchMap":{"0":{"loc":{"start":{"line":23,"column":33},"end":{"line":23,"column":106}},"type":"cond-expr","locations":[{"start":{"line":23,"column":72},"end":{"line":23,"column":81}},{"start":{"line":23,"column":84},"end":{"line":23,"column":106}}],"line":23}},"s":{"0":0,"1":0,"2":3},"f":{"0":0,"1":0},"b":{"0":[0,0]},"_coverageSchema":"332fd63041d2c1bcb487cc26dd0d5f7d97098a6c","hash":"d9f2be84530d9a0a990a94b240f3e9d70f11c4c8"}
,"/Users/Mathias/Dropbox/Academics/NTNU/År 3 2018-19/Semester 1 Høst 2018/webutvikling/øving_3/it2810-webutvikling-h18-prosjekt-3-40/strong-as-bull/constants/Colors.js": {"path":"/Users/Mathias/Dropbox/Academics/NTNU/År 3 2018-19/Semester 1 Høst 2018/webutvikling/øving_3/it2810-webutvikling-h18-prosjekt-3-40/strong-as-bull/constants/Colors.js","statementMap":{"0":{"start":{"line":1,"column":18},"end":{"line":1,"column":27}}},"fnMap":{},"branchMap":{},"s":{"0":1},"f":{},"b":{},"_coverageSchema":"332fd63041d2c1bcb487cc26dd0d5f7d97098a6c","hash":"4ce344c50bb2468be53028c84f238408f9e8a513"}
,"/Users/Mathias/Dropbox/Academics/NTNU/År 3 2018-19/Semester 1 Høst 2018/webutvikling/øving_3/it2810-webutvikling-h18-prosjekt-3-40/strong-as-bull/navigation/AppNavigator.js": {"path":"/Users/Mathias/Dropbox/Academics/NTNU/År 3 2018-19/Semester 1 Høst 2018/webutvikling/øving_3/it2810-webutvikling-h18-prosjekt-3-40/strong-as-bull/navigation/AppNavigator.js","statementMap":{},"fnMap":{},"branchMap":{},"s":{},"f":{},"b":{},"_coverageSchema":"332fd63041d2c1bcb487cc26dd0d5f7d97098a6c","hash":"bc23f94e15d661a30c12184d9ff47fd5f8b96436"}
,"/Users/Mathias/Dropbox/Academics/NTNU/År 3 2018-19/Semester 1 Høst 2018/webutvikling/øving_3/it2810-webutvikling-h18-prosjekt-3-40/strong-as-bull/navigation/ContactsStackNavigator.js": {"path":"/Users/Mathias/Dropbox/Academics/NTNU/År 3 2018-19/Semester 1 Høst 2018/webutvikling/øving_3/it2810-webutvikling-h18-prosjekt-3-40/strong-as-bull/navigation/ContactsStackNavigator.js","statementMap":{"0":{"start":{"line":10,"column":31},"end":{"line":16,"column":2}}},"fnMap":{},"branchMap":{},"s":{"0":1},"f":{},"b":{},"_coverageSchema":"332fd63041d2c1bcb487cc26dd0d5f7d97098a6c","hash":"6a74c6c2dda7af6323ae0b4bf83c4352c16f248e"}
,"/Users/Mathias/Dropbox/Academics/NTNU/År 3 2018-19/Semester 1 Høst 2018/webutvikling/øving_3/it2810-webutvikling-h18-prosjekt-3-40/strong-as-bull/navigation/GoalsStackNavigation.js": {"path":"/Users/Mathias/Dropbox/Academics/NTNU/År 3 2018-19/Semester 1 Høst 2018/webutvikling/øving_3/it2810-webutvikling-h18-prosjekt-3-40/strong-as-bull/navigation/GoalsStackNavigation.js","statementMap":{"0":{"start":{"line":8,"column":28},"end":{"line":12,"column":2}}},"fnMap":{},"branchMap":{},"s":{"0":1},"f":{},"b":{},"_coverageSchema":"332fd63041d2c1bcb487cc26dd0d5f7d97098a6c","hash":"797a7d31b6f139cbe71eeeb0f26fd883b631f9eb"}
,"/Users/Mathias/Dropbox/Academics/NTNU/År 3 2018-19/Semester 1 Høst 2018/webutvikling/øving_3/it2810-webutvikling-h18-prosjekt-3-40/strong-as-bull/navigation/MainTabNavigator.js": {"path":"/Users/Mathias/Dropbox/Academics/NTNU/År 3 2018-19/Semester 1 Høst 2018/webutvikling/øving_3/it2810-webutvikling-h18-prosjekt-3-40/strong-as-bull/navigation/MainTabNavigator.js","statementMap":{"0":{"start":{"line":13,"column":18},"end":{"line":15,"column":2}},"1":{"start":{"line":17,"column":0},"end":{"line":29,"column":2}},"2":{"start":{"line":20,"column":4},"end":{"line":27,"column":6}},"3":{"start":{"line":31,"column":19},"end":{"line":35,"column":2}},"4":{"start":{"line":37,"column":0},"end":{"line":45,"column":2}},"5":{"start":{"line":40,"column":4},"end":{"line":43,"column":6}},"6":{"start":{"line":47,"column":22},"end":{"line":52,"column":2}},"7":{"start":{"line":54,"column":0},"end":{"line":62,"column":2}},"8":{"start":{"line":57,"column":4},"end":{"line":60,"column":6}},"9":{"start":{"line":64,"column":19},"end":{"line":68,"column":2}},"10":{"start":{"line":70,"column":0},"end":{"line":78,"column":2}},"11":{"start":{"line":73,"column":8},"end":{"line":76,"column":10}}},"fnMap":{"0":{"name":"(anonymous_0)","decl":{"start":{"line":19,"column":14},"end":{"line":19,"column":15}},"loc":{"start":{"line":20,"column":4},"end":{"line":27,"column":6}},"line":20},"1":{"name":"(anonymous_1)","decl":{"start":{"line":39,"column":14},"end":{"line":39,"column":15}},"loc":{"start":{"line":40,"column":4},"end":{"line":43,"column":6}},"line":40},"2":{"name":"(anonymous_2)","decl":{"start":{"line":56,"column":14},"end":{"line":56,"column":15}},"loc":{"start":{"line":57,"column":4},"end":{"line":60,"column":6}},"line":57},"3":{"name":"(anonymous_3)","decl":{"start":{"line":72,"column":16},"end":{"line":72,"column":17}},"loc":{"start":{"line":73,"column":8},"end":{"line":76,"column":10}},"line":73}},"branchMap":{"0":{"loc":{"start":{"line":23,"column":8},"end":{"line":25,"column":21}},"type":"cond-expr","locations":[{"start":{"line":24,"column":12},"end":{"line":24,"column":50}},{"start":{"line":25,"column":12},"end":{"line":25,"column":21}}],"line":23},"1":{"loc":{"start":{"line":24,"column":23},"end":{"line":24,"column":48}},"type":"cond-expr","locations":[{"start":{"line":24,"column":33},"end":{"line":24,"column":35}},{"start":{"line":24,"column":38},"end":{"line":24,"column":48}}],"line":24},"2":{"loc":{"start":{"line":42,"column":12},"end":{"line":42,"column":94}},"type":"cond-expr","locations":[{"start":{"line":42,"column":36},"end":{"line":42,"column":78}},{"start":{"line":42,"column":81},"end":{"line":42,"column":94}}],"line":42},"3":{"loc":{"start":{"line":42,"column":51},"end":{"line":42,"column":76}},"type":"cond-expr","locations":[{"start":{"line":42,"column":61},"end":{"line":42,"column":63}},{"start":{"line":42,"column":66},"end":{"line":42,"column":76}}],"line":42},"4":{"loc":{"start":{"line":59,"column":12},"end":{"line":59,"column":94}},"type":"cond-expr","locations":[{"start":{"line":59,"column":36},"end":{"line":59,"column":78}},{"start":{"line":59,"column":81},"end":{"line":59,"column":94}}],"line":59},"5":{"loc":{"start":{"line":59,"column":51},"end":{"line":59,"column":76}},"type":"cond-expr","locations":[{"start":{"line":59,"column":61},"end":{"line":59,"column":63}},{"start":{"line":59,"column":66},"end":{"line":59,"column":76}}],"line":59},"6":{"loc":{"start":{"line":75,"column":18},"end":{"line":75,"column":100}},"type":"cond-expr","locations":[{"start":{"line":75,"column":42},"end":{"line":75,"column":84}},{"start":{"line":75,"column":87},"end":{"line":75,"column":100}}],"line":75},"7":{"loc":{"start":{"line":75,"column":57},"end":{"line":75,"column":82}},"type":"cond-expr","locations":[{"start":{"line":75,"column":67},"end":{"line":75,"column":69}},{"start":{"line":75,"column":72},"end":{"line":75,"column":82}}],"line":75}},"s":{"0":1,"1":1,"2":4,"3":1,"4":1,"5":4,"6":1,"7":1,"8":4,"9":1,"10":1,"11":4},"f":{"0":4,"1":4,"2":4,"3":4},"b":{"0":[4,0],"1":[2,2],"2":[4,0],"3":[2,2],"4":[4,0],"5":[2,2],"6":[4,0],"7":[2,2]},"_coverageSchema":"332fd63041d2c1bcb487cc26dd0d5f7d97098a6c","hash":"580ac0c53d4b46926532e8e3611c085350bd9e94"}
,"/Users/Mathias/Dropbox/Academics/NTNU/År 3 2018-19/Semester 1 Høst 2018/webutvikling/øving_3/it2810-webutvikling-h18-prosjekt-3-40/strong-as-bull/navigation/NotesStackNavigator.js": {"path":"/Users/Mathias/Dropbox/Academics/NTNU/År 3 2018-19/Semester 1 Høst 2018/webutvikling/øving_3/it2810-webutvikling-h18-prosjekt-3-40/strong-as-bull/navigation/NotesStackNavigator.js","statementMap":{"0":{"start":{"line":10,"column":28},"end":{"line":16,"column":2}}},"fnMap":{},"branchMap":{},"s":{"0":1},"f":{},"b":{},"_coverageSchema":"332fd63041d2c1bcb487cc26dd0d5f7d97098a6c","hash":"337dc0624415d1b7db3d761e0b18358bb2cdb295"}
,"/Users/Mathias/Dropbox/Academics/NTNU/År 3 2018-19/Semester 1 Høst 2018/webutvikling/øving_3/it2810-webutvikling-h18-prosjekt-3-40/strong-as-bull/screens/HomeScreen.js": {"path":"/Users/Mathias/Dropbox/Academics/NTNU/År 3 2018-19/Semester 1 Høst 2018/webutvikling/øving_3/it2810-webutvikling-h18-prosjekt-3-40/strong-as-bull/screens/HomeScreen.js","statementMap":{"0":{"start":{"line":14,"column":8},"end":{"line":27,"column":9}},"1":{"start":{"line":31,"column":15},"end":{"line":55,"column":2}}},"fnMap":{"0":{"name":"(anonymous_0)","decl":{"start":{"line":12,"column":4},"end":{"line":12,"column":5}},"loc":{"start":{"line":12,"column":12},"end":{"line":28,"column":5}},"line":12}},"branchMap":{},"s":{"0":3,"1":2},"f":{"0":3},"b":{},"_coverageSchema":"332fd63041d2c1bcb487cc26dd0d5f7d97098a6c","hash":"d968becfbcc63379efa36a0cdfce34f26e534f26"}
,"/Users/Mathias/Dropbox/Academics/NTNU/År 3 2018-19/Semester 1 Høst 2018/webutvikling/øving_3/it2810-webutvikling-h18-prosjekt-3-40/strong-as-bull/screens/contacts/ContactListScreen.js": {"path":"/Users/Mathias/Dropbox/Academics/NTNU/År 3 2018-19/Semester 1 Høst 2018/webutvikling/øving_3/it2810-webutvikling-h18-prosjekt-3-40/strong-as-bull/screens/contacts/ContactListScreen.js","statementMap":{"0":{"start":{"line":13,"column":8},"end":{"line":26,"column":10}},"1":{"start":{"line":17,"column":20},"end":{"line":20,"column":23}},"2":{"start":{"line":31,"column":8},"end":{"line":31,"column":21}},"3":{"start":{"line":32,"column":8},"end":{"line":34,"column":10}},"4":{"start":{"line":39,"column":8},"end":{"line":39,"column":25}},"5":{"start":{"line":40,"column":8},"end":{"line":43,"column":9}},"6":{"start":{"line":41,"column":12},"end":{"line":41,"column":51}},"7":{"start":{"line":42,"column":12},"end":{"line":42,"column":28}},"8":{"start":{"line":45,"column":8},"end":{"line":48,"column":10}},"9":{"start":{"line":55,"column":23},"end":{"line":102,"column":10}},"10":{"start":{"line":56,"column":12},"end":{"line":100,"column":23}},"11":{"start":{"line":61,"column":48},"end":{"line":67,"column":50}},"12":{"start":{"line":73,"column":48},"end":{"line":83,"column":50}},"13":{"start":{"line":77,"column":84},"end":{"line":77,"column":113}},"14":{"start":{"line":78,"column":85},"end":{"line":78,"column":108}},"15":{"start":{"line":104,"column":8},"end":{"line":110,"column":10}},"16":{"start":{"line":114,"column":22},"end":{"line":114,"column":41}},"17":{"start":{"line":115,"column":8},"end":{"line":115,"column":33}},"18":{"start":{"line":116,"column":8},"end":{"line":118,"column":11}},"19":{"start":{"line":119,"column":8},"end":{"line":119,"column":24}},"20":{"start":{"line":124,"column":22},"end":{"line":124,"column":41}},"21":{"start":{"line":125,"column":8},"end":{"line":125,"column":34}},"22":{"start":{"line":126,"column":8},"end":{"line":126,"column":43}},"23":{"start":{"line":127,"column":8},"end":{"line":127,"column":24}},"24":{"start":{"line":131,"column":26},"end":{"line":131,"column":61}},"25":{"start":{"line":132,"column":8},"end":{"line":132,"column":57}},"26":{"start":{"line":136,"column":8},"end":{"line":143,"column":9}},"27":{"start":{"line":137,"column":30},"end":{"line":137,"column":83}},"28":{"start":{"line":138,"column":12},"end":{"line":140,"column":13}},"29":{"start":{"line":139,"column":16},"end":{"line":139,"column":55}},"30":{"start":{"line":142,"column":12},"end":{"line":142,"column":25}},"31":{"start":{"line":147,"column":22},"end":{"line":147,"column":41}},"32":{"start":{"line":148,"column":8},"end":{"line":148,"column":31}},"33":{"start":{"line":149,"column":8},"end":{"line":151,"column":11}},"34":{"start":{"line":152,"column":8},"end":{"line":152,"column":24}},"35":{"start":{"line":159,"column":15},"end":{"line":171,"column":2}}},"fnMap":{"0":{"name":"(anonymous_0)","decl":{"start":{"line":12,"column":32},"end":{"line":12,"column":33}},"loc":{"start":{"line":12,"column":52},"end":{"line":27,"column":5}},"line":12},"1":{"name":"(anonymous_1)","decl":{"start":{"line":16,"column":43},"end":{"line":16,"column":44}},"loc":{"start":{"line":16,"column":48},"end":{"line":21,"column":17}},"line":16},"2":{"name":"(anonymous_2)","decl":{"start":{"line":30,"column":4},"end":{"line":30,"column":5}},"loc":{"start":{"line":30,"column":23},"end":{"line":35,"column":5}},"line":30},"3":{"name":"(anonymous_3)","decl":{"start":{"line":37,"column":4},"end":{"line":37,"column":5}},"loc":{"start":{"line":37,"column":23},"end":{"line":49,"column":5}},"line":37},"4":{"name":"(anonymous_4)","decl":{"start":{"line":53,"column":4},"end":{"line":53,"column":5}},"loc":{"start":{"line":53,"column":13},"end":{"line":111,"column":5}},"line":53},"5":{"name":"(anonymous_5)","decl":{"start":{"line":55,"column":47},"end":{"line":55,"column":48}},"loc":{"start":{"line":55,"column":61},"end":{"line":102,"column":9}},"line":55},"6":{"name":"(anonymous_6)","decl":{"start":{"line":60,"column":53},"end":{"line":60,"column":54}},"loc":{"start":{"line":60,"column":59},"end":{"line":68,"column":45}},"line":60},"7":{"name":"(anonymous_7)","decl":{"start":{"line":72,"column":53},"end":{"line":72,"column":54}},"loc":{"start":{"line":72,"column":59},"end":{"line":84,"column":45}},"line":72},"8":{"name":"(anonymous_8)","decl":{"start":{"line":77,"column":78},"end":{"line":77,"column":79}},"loc":{"start":{"line":77,"column":84},"end":{"line":77,"column":113}},"line":77},"9":{"name":"(anonymous_9)","decl":{"start":{"line":78,"column":79},"end":{"line":78,"column":80}},"loc":{"start":{"line":78,"column":85},"end":{"line":78,"column":108}},"line":78},"10":{"name":"(anonymous_10)","decl":{"start":{"line":113,"column":4},"end":{"line":113,"column":5}},"loc":{"start":{"line":113,"column":27},"end":{"line":120,"column":5}},"line":113},"11":{"name":"(anonymous_11)","decl":{"start":{"line":123,"column":4},"end":{"line":123,"column":5}},"loc":{"start":{"line":123,"column":32},"end":{"line":128,"column":5}},"line":123},"12":{"name":"(anonymous_12)","decl":{"start":{"line":130,"column":4},"end":{"line":130,"column":5}},"loc":{"start":{"line":130,"column":15},"end":{"line":133,"column":5}},"line":130},"13":{"name":"(anonymous_13)","decl":{"start":{"line":135,"column":16},"end":{"line":135,"column":17}},"loc":{"start":{"line":135,"column":28},"end":{"line":144,"column":5}},"line":135},"14":{"name":"(anonymous_14)","decl":{"start":{"line":146,"column":4},"end":{"line":146,"column":5}},"loc":{"start":{"line":146,"column":23},"end":{"line":153,"column":5}},"line":146}},"branchMap":{"0":{"loc":{"start":{"line":40,"column":8},"end":{"line":43,"column":9}},"type":"if","locations":[{"start":{"line":40,"column":8},"end":{"line":43,"column":9}},{"start":{"line":40,"column":8},"end":{"line":43,"column":9}}],"line":40},"1":{"loc":{"start":{"line":138,"column":12},"end":{"line":140,"column":13}},"type":"if","locations":[{"start":{"line":138,"column":12},"end":{"line":140,"column":13}},{"start":{"line":138,"column":12},"end":{"line":140,"column":13}}],"line":138}},"s":{"0":0,"1":0,"2":1,"3":1,"4":0,"5":0,"6":0,"7":0,"8":0,"9":1,"10":0,"11":0,"12":0,"13":0,"14":0,"15":1,"16":0,"17":0,"18":0,"19":0,"20":0,"21":0,"22":0,"23":0,"24":0,"25":0,"26":0,"27":0,"28":0,"29":0,"30":0,"31":0,"32":0,"33":0,"34":0,"35":3},"f":{"0":0,"1":0,"2":1,"3":0,"4":1,"5":0,"6":0,"7":0,"8":0,"9":0,"10":0,"11":0,"12":0,"13":0,"14":0},"b":{"0":[0,0],"1":[0,0]},"_coverageSchema":"332fd63041d2c1bcb487cc26dd0d5f7d97098a6c","hash":"5134ecd28c726229a4267bb9560578bc645c27fd"}
,"/Users/Mathias/Dropbox/Academics/NTNU/År 3 2018-19/Semester 1 Høst 2018/webutvikling/øving_3/it2810-webutvikling-h18-prosjekt-3-40/strong-as-bull/screens/contacts/CreateContactScreen.js": {"path":"/Users/Mathias/Dropbox/Academics/NTNU/År 3 2018-19/Semester 1 Høst 2018/webutvikling/øving_3/it2810-webutvikling-h18-prosjekt-3-40/strong-as-bull/screens/contacts/CreateContactScreen.js","statementMap":{"0":{"start":{"line":20,"column":8},"end":{"line":20,"column":21}},"1":{"start":{"line":21,"column":8},"end":{"line":31,"column":10}},"2":{"start":{"line":36,"column":8},"end":{"line":51,"column":9}},"3":{"start":{"line":37,"column":12},"end":{"line":47,"column":15}},"4":{"start":{"line":50,"column":12},"end":{"line":50,"column":42}},"5":{"start":{"line":55,"column":8},"end":{"line":57,"column":10}},"6":{"start":{"line":61,"column":8},"end":{"line":61,"column":75}},"7":{"start":{"line":65,"column":8},"end":{"line":65,"column":92}},"8":{"start":{"line":70,"column":24},"end":{"line":70,"column":34}},"9":{"start":{"line":72,"column":8},"end":{"line":161,"column":9}},"10":{"start":{"line":86,"column":24},"end":{"line":88,"column":26}},"11":{"start":{"line":98,"column":24},"end":{"line":100,"column":26}},"12":{"start":{"line":110,"column":24},"end":{"line":112,"column":26}},"13":{"start":{"line":122,"column":24},"end":{"line":124,"column":26}},"14":{"start":{"line":133,"column":24},"end":{"line":135,"column":26}},"15":{"start":{"line":140,"column":33},"end":{"line":147,"column":21}},"16":{"start":{"line":148,"column":20},"end":{"line":148,"column":50}},"17":{"start":{"line":149,"column":20},"end":{"line":153,"column":21}},"18":{"start":{"line":150,"column":24},"end":{"line":150,"column":49}},"19":{"start":{"line":152,"column":24},"end":{"line":152,"column":50}},"20":{"start":{"line":155,"column":20},"end":{"line":155,"column":66}},"21":{"start":{"line":165,"column":15},"end":{"line":209,"column":2}}},"fnMap":{"0":{"name":"(anonymous_0)","decl":{"start":{"line":19,"column":4},"end":{"line":19,"column":5}},"loc":{"start":{"line":19,"column":23},"end":{"line":33,"column":5}},"line":19},"1":{"name":"(anonymous_1)","decl":{"start":{"line":35,"column":4},"end":{"line":35,"column":5}},"loc":{"start":{"line":35,"column":24},"end":{"line":52,"column":5}},"line":35},"2":{"name":"(anonymous_2)","decl":{"start":{"line":54,"column":31},"end":{"line":54,"column":32}},"loc":{"start":{"line":54,"column":51},"end":{"line":58,"column":5}},"line":54},"3":{"name":"(anonymous_3)","decl":{"start":{"line":60,"column":4},"end":{"line":60,"column":5}},"loc":{"start":{"line":60,"column":23},"end":{"line":62,"column":5}},"line":60},"4":{"name":"(anonymous_4)","decl":{"start":{"line":64,"column":4},"end":{"line":64,"column":5}},"loc":{"start":{"line":64,"column":24},"end":{"line":66,"column":5}},"line":64},"5":{"name":"(anonymous_5)","decl":{"start":{"line":68,"column":4},"end":{"line":68,"column":5}},"loc":{"start":{"line":69,"column":4},"end":{"line":162,"column":5}},"line":69},"6":{"name":"(anonymous_6)","decl":{"start":{"line":85,"column":34},"end":{"line":85,"column":35}},"loc":{"start":{"line":85,"column":45},"end":{"line":89,"column":21}},"line":85},"7":{"name":"(anonymous_7)","decl":{"start":{"line":97,"column":34},"end":{"line":97,"column":35}},"loc":{"start":{"line":97,"column":45},"end":{"line":101,"column":21}},"line":97},"8":{"name":"(anonymous_8)","decl":{"start":{"line":109,"column":34},"end":{"line":109,"column":35}},"loc":{"start":{"line":109,"column":45},"end":{"line":113,"column":21}},"line":109},"9":{"name":"(anonymous_9)","decl":{"start":{"line":121,"column":34},"end":{"line":121,"column":35}},"loc":{"start":{"line":121,"column":45},"end":{"line":125,"column":21}},"line":121},"10":{"name":"(anonymous_10)","decl":{"start":{"line":132,"column":34},"end":{"line":132,"column":35}},"loc":{"start":{"line":132,"column":45},"end":{"line":136,"column":21}},"line":132},"11":{"name":"(anonymous_11)","decl":{"start":{"line":139,"column":71},"end":{"line":139,"column":72}},"loc":{"start":{"line":139,"column":77},"end":{"line":157,"column":21}},"line":139}},"branchMap":{"0":{"loc":{"start":{"line":82,"column":24},"end":{"line":83,"column":72}},"type":"cond-expr","locations":[{"start":{"line":83,"column":28},"end":{"line":83,"column":40}},{"start":{"line":83,"column":43},"end":{"line":83,"column":72}}],"line":82},"1":{"loc":{"start":{"line":94,"column":24},"end":{"line":95,"column":70}},"type":"cond-expr","locations":[{"start":{"line":95,"column":28},"end":{"line":95,"column":39}},{"start":{"line":95,"column":42},"end":{"line":95,"column":70}}],"line":94},"2":{"loc":{"start":{"line":106,"column":24},"end":{"line":107,"column":76}},"type":"cond-expr","locations":[{"start":{"line":107,"column":28},"end":{"line":107,"column":42}},{"start":{"line":107,"column":45},"end":{"line":107,"column":76}}],"line":106},"3":{"loc":{"start":{"line":118,"column":24},"end":{"line":119,"column":63}},"type":"cond-expr","locations":[{"start":{"line":119,"column":28},"end":{"line":119,"column":36}},{"start":{"line":119,"column":39},"end":{"line":119,"column":63}}],"line":118},"4":{"loc":{"start":{"line":149,"column":20},"end":{"line":153,"column":21}},"type":"if","locations":[{"start":{"line":149,"column":20},"end":{"line":153,"column":21}},{"start":{"line":149,"column":20},"end":{"line":153,"column":21}}],"line":149}},"s":{"0":2,"1":2,"2":2,"3":2,"4":2,"5":0,"6":0,"7":0,"8":4,"9":4,"10":0,"11":0,"12":0,"13":0,"14":0,"15":0,"16":0,"17":0,"18":0,"19":0,"20":0,"21":2},"f":{"0":2,"1":2,"2":0,"3":0,"4":0,"5":4,"6":0,"7":0,"8":0,"9":0,"10":0,"11":0},"b":{"0":[4,0],"1":[4,0],"2":[4,0],"3":[4,0],"4":[0,0]},"_coverageSchema":"332fd63041d2c1bcb487cc26dd0d5f7d97098a6c","hash":"3c53345536c338aff336f2a12c308fe5cffba0d8"}
,"/Users/Mathias/Dropbox/Academics/NTNU/År 3 2018-19/Semester 1 Høst 2018/webutvikling/øving_3/it2810-webutvikling-h18-prosjekt-3-40/strong-as-bull/screens/contacts/ViewContactScreen.js": {"path":"/Users/Mathias/Dropbox/Academics/NTNU/År 3 2018-19/Semester 1 Høst 2018/webutvikling/øving_3/it2810-webutvikling-h18-prosjekt-3-40/strong-as-bull/screens/contacts/ViewContactScreen.js","statementMap":{"0":{"start":{"line":13,"column":8},"end":{"line":13,"column":21}},"1":{"start":{"line":14,"column":8},"end":{"line":16,"column":11}},"2":{"start":{"line":17,"column":8},"end":{"line":17,"column":64}},"3":{"start":{"line":26,"column":8},"end":{"line":43,"column":9}},"4":{"start":{"line":47,"column":15},"end":{"line":73,"column":2}}},"fnMap":{"0":{"name":"(anonymous_0)","decl":{"start":{"line":12,"column":4},"end":{"line":12,"column":5}},"loc":{"start":{"line":12,"column":23},"end":{"line":18,"column":5}},"line":12},"1":{"name":"(anonymous_1)","decl":{"start":{"line":25,"column":4},"end":{"line":25,"column":5}},"loc":{"start":{"line":25,"column":12},"end":{"line":44,"column":5}},"line":25}},"branchMap":{},"s":{"0":0,"1":0,"2":0,"3":0,"4":2},"f":{"0":0,"1":0},"b":{},"_coverageSchema":"332fd63041d2c1bcb487cc26dd0d5f7d97098a6c","hash":"3b5d213b3ea95d0193d33d9de5cdd6ff5df90b71"}
,"/Users/Mathias/Dropbox/Academics/NTNU/År 3 2018-19/Semester 1 Høst 2018/webutvikling/øving_3/it2810-webutvikling-h18-prosjekt-3-40/strong-as-bull/screens/goals/CreateGoalScreen.js": {"path":"/Users/Mathias/Dropbox/Academics/NTNU/År 3 2018-19/Semester 1 Høst 2018/webutvikling/øving_3/it2810-webutvikling-h18-prosjekt-3-40/strong-as-bull/screens/goals/CreateGoalScreen.js","statementMap":{"0":{"start":{"line":11,"column":8},"end":{"line":11,"column":21}},"1":{"start":{"line":12,"column":8},"end":{"line":14,"column":10}},"2":{"start":{"line":18,"column":8},"end":{"line":18,"column":73}},"3":{"start":{"line":19,"column":8},"end":{"line":19,"column":53}},"4":{"start":{"line":20,"column":8},"end":{"line":20,"column":46}},"5":{"start":{"line":21,"column":8},"end":{"line":28,"column":9}},"6":{"start":{"line":22,"column":29},"end":{"line":22,"column":56}},"7":{"start":{"line":23,"column":12},"end":{"line":23,"column":53}},"8":{"start":{"line":24,"column":12},"end":{"line":24,"column":52}},"9":{"start":{"line":27,"column":12},"end":{"line":27,"column":53}},"10":{"start":{"line":32,"column":8},"end":{"line":47,"column":10}},"11":{"start":{"line":39,"column":53},"end":{"line":39,"column":106}},"12":{"start":{"line":42,"column":74},"end":{"line":42,"column":91}},"13":{"start":{"line":50,"column":15},"end":{"line":85,"column":2}}},"fnMap":{"0":{"name":"(anonymous_0)","decl":{"start":{"line":10,"column":4},"end":{"line":10,"column":5}},"loc":{"start":{"line":10,"column":23},"end":{"line":15,"column":5}},"line":10},"1":{"name":"(anonymous_1)","decl":{"start":{"line":17,"column":4},"end":{"line":17,"column":5}},"loc":{"start":{"line":17,"column":17},"end":{"line":29,"column":5}},"line":17},"2":{"name":"(anonymous_2)","decl":{"start":{"line":31,"column":4},"end":{"line":31,"column":5}},"loc":{"start":{"line":31,"column":13},"end":{"line":48,"column":5}},"line":31},"3":{"name":"(anonymous_3)","decl":{"start":{"line":39,"column":34},"end":{"line":39,"column":35}},"loc":{"start":{"line":39,"column":53},"end":{"line":39,"column":106}},"line":39},"4":{"name":"(anonymous_4)","decl":{"start":{"line":42,"column":68},"end":{"line":42,"column":69}},"loc":{"start":{"line":42,"column":74},"end":{"line":42,"column":91}},"line":42}},"branchMap":{"0":{"loc":{"start":{"line":21,"column":8},"end":{"line":28,"column":9}},"type":"if","locations":[{"start":{"line":21,"column":8},"end":{"line":28,"column":9}},{"start":{"line":21,"column":8},"end":{"line":28,"column":9}}],"line":21}},"s":{"0":1,"1":1,"2":0,"3":0,"4":0,"5":0,"6":0,"7":0,"8":0,"9":0,"10":1,"11":0,"12":0,"13":2},"f":{"0":1,"1":0,"2":1,"3":0,"4":0},"b":{"0":[0,0]},"_coverageSchema":"332fd63041d2c1bcb487cc26dd0d5f7d97098a6c","hash":"3383f2c93758f32ded66d50c4b0c78b238f5c544"}
,"/Users/Mathias/Dropbox/Academics/NTNU/År 3 2018-19/Semester 1 Høst 2018/webutvikling/øving_3/it2810-webutvikling-h18-prosjekt-3-40/strong-as-bull/screens/goals/GoalsScreen.js": {"path":"/Users/Mathias/Dropbox/Academics/NTNU/År 3 2018-19/Semester 1 Høst 2018/webutvikling/øving_3/it2810-webutvikling-h18-prosjekt-3-40/strong-as-bull/screens/goals/GoalsScreen.js","statementMap":{"0":{"start":{"line":12,"column":8},"end":{"line":12,"column":21}},"1":{"start":{"line":13,"column":8},"end":{"line":15,"column":10}},"2":{"start":{"line":19,"column":8},"end":{"line":19,"column":42}},"3":{"start":{"line":23,"column":8},"end":{"line":23,"column":50}},"4":{"start":{"line":27,"column":8},"end":{"line":43,"column":10}},"5":{"start":{"line":38,"column":35},"end":{"line":38,"column":142}},"6":{"start":{"line":38,"column":111},"end":{"line":38,"column":138}},"7":{"start":{"line":46,"column":15},"end":{"line":84,"column":2}}},"fnMap":{"0":{"name":"(anonymous_0)","decl":{"start":{"line":11,"column":4},"end":{"line":11,"column":5}},"loc":{"start":{"line":11,"column":23},"end":{"line":16,"column":5}},"line":11},"1":{"name":"(anonymous_1)","decl":{"start":{"line":18,"column":4},"end":{"line":18,"column":5}},"loc":{"start":{"line":18,"column":24},"end":{"line":20,"column":5}},"line":18},"2":{"name":"(anonymous_2)","decl":{"start":{"line":22,"column":4},"end":{"line":22,"column":5}},"loc":{"start":{"line":22,"column":26},"end":{"line":24,"column":5}},"line":22},"3":{"name":"(anonymous_3)","decl":{"start":{"line":26,"column":4},"end":{"line":26,"column":5}},"loc":{"start":{"line":26,"column":13},"end":{"line":44,"column":5}},"line":26},"4":{"name":"(anonymous_4)","decl":{"start":{"line":38,"column":29},"end":{"line":38,"column":30}},"loc":{"start":{"line":38,"column":35},"end":{"line":38,"column":142}},"line":38},"5":{"name":"(anonymous_5)","decl":{"start":{"line":38,"column":94},"end":{"line":38,"column":95}},"loc":{"start":{"line":38,"column":111},"end":{"line":38,"column":138}},"line":38}},"branchMap":{},"s":{"0":1,"1":1,"2":1,"3":0,"4":2,"5":0,"6":0,"7":2},"f":{"0":1,"1":1,"2":0,"3":2,"4":0,"5":0},"b":{},"_coverageSchema":"332fd63041d2c1bcb487cc26dd0d5f7d97098a6c","hash":"680f35a54e23de3e743c1182a0985e484db3e560"}
,"/Users/Mathias/Dropbox/Academics/NTNU/År 3 2018-19/Semester 1 Høst 2018/webutvikling/øving_3/it2810-webutvikling-h18-prosjekt-3-40/strong-as-bull/screens/notes/CreateNoteScreen.js": {"path":"/Users/Mathias/Dropbox/Academics/NTNU/År 3 2018-19/Semester 1 Høst 2018/webutvikling/øving_3/it2810-webutvikling-h18-prosjekt-3-40/strong-as-bull/screens/notes/CreateNoteScreen.js","statementMap":{"0":{"start":{"line":17,"column":8},"end":{"line":17,"column":21}},"1":{"start":{"line":18,"column":8},"end":{"line":24,"column":10}},"2":{"start":{"line":29,"column":8},"end":{"line":40,"column":9}},"3":{"start":{"line":30,"column":12},"end":{"line":36,"column":15}},"4":{"start":{"line":39,"column":12},"end":{"line":39,"column":39}},"5":{"start":{"line":44,"column":8},"end":{"line":46,"column":10}},"6":{"start":{"line":50,"column":8},"end":{"line":50,"column":75}},"7":{"start":{"line":54,"column":8},"end":{"line":54,"column":92}},"8":{"start":{"line":58,"column":8},"end":{"line":104,"column":9}},"9":{"start":{"line":68,"column":24},"end":{"line":70,"column":26}},"10":{"start":{"line":80,"column":24},"end":{"line":82,"column":26}},"11":{"start":{"line":87,"column":34},"end":{"line":90,"column":21}},"12":{"start":{"line":91,"column":20},"end":{"line":91,"column":51}},"13":{"start":{"line":92,"column":20},"end":{"line":96,"column":21}},"14":{"start":{"line":93,"column":24},"end":{"line":93,"column":46}},"15":{"start":{"line":95,"column":24},"end":{"line":95,"column":47}},"16":{"start":{"line":98,"column":20},"end":{"line":98,"column":63}},"17":{"start":{"line":108,"column":15},"end":{"line":141,"column":2}}},"fnMap":{"0":{"name":"(anonymous_0)","decl":{"start":{"line":16,"column":4},"end":{"line":16,"column":5}},"loc":{"start":{"line":16,"column":23},"end":{"line":26,"column":5}},"line":16},"1":{"name":"(anonymous_1)","decl":{"start":{"line":28,"column":4},"end":{"line":28,"column":5}},"loc":{"start":{"line":28,"column":24},"end":{"line":41,"column":5}},"line":28},"2":{"name":"(anonymous_2)","decl":{"start":{"line":43,"column":31},"end":{"line":43,"column":32}},"loc":{"start":{"line":43,"column":51},"end":{"line":47,"column":5}},"line":43},"3":{"name":"(anonymous_3)","decl":{"start":{"line":49,"column":4},"end":{"line":49,"column":5}},"loc":{"start":{"line":49,"column":20},"end":{"line":51,"column":5}},"line":49},"4":{"name":"(anonymous_4)","decl":{"start":{"line":53,"column":4},"end":{"line":53,"column":5}},"loc":{"start":{"line":53,"column":21},"end":{"line":55,"column":5}},"line":53},"5":{"name":"(anonymous_5)","decl":{"start":{"line":57,"column":4},"end":{"line":57,"column":5}},"loc":{"start":{"line":57,"column":13},"end":{"line":105,"column":5}},"line":57},"6":{"name":"(anonymous_6)","decl":{"start":{"line":67,"column":34},"end":{"line":67,"column":35}},"loc":{"start":{"line":67,"column":45},"end":{"line":71,"column":21}},"line":67},"7":{"name":"(anonymous_7)","decl":{"start":{"line":79,"column":34},"end":{"line":79,"column":35}},"loc":{"start":{"line":79,"column":45},"end":{"line":83,"column":21}},"line":79},"8":{"name":"(anonymous_8)","decl":{"start":{"line":86,"column":71},"end":{"line":86,"column":72}},"loc":{"start":{"line":86,"column":77},"end":{"line":100,"column":17}},"line":86}},"branchMap":{"0":{"loc":{"start":{"line":64,"column":24},"end":{"line":65,"column":59}},"type":"cond-expr","locations":[{"start":{"line":65,"column":28},"end":{"line":65,"column":35}},{"start":{"line":65,"column":38},"end":{"line":65,"column":59}}],"line":64},"1":{"loc":{"start":{"line":76,"column":24},"end":{"line":77,"column":71}},"type":"cond-expr","locations":[{"start":{"line":77,"column":28},"end":{"line":77,"column":41}},{"start":{"line":77,"column":44},"end":{"line":77,"column":71}}],"line":76},"2":{"loc":{"start":{"line":92,"column":20},"end":{"line":96,"column":21}},"type":"if","locations":[{"start":{"line":92,"column":20},"end":{"line":96,"column":21}},{"start":{"line":92,"column":20},"end":{"line":96,"column":21}}],"line":92}},"s":{"0":1,"1":1,"2":1,"3":1,"4":1,"5":0,"6":0,"7":0,"8":2,"9":0,"10":0,"11":0,"12":0,"13":0,"14":0,"15":0,"16":0,"17":2},"f":{"0":1,"1":1,"2":0,"3":0,"4":0,"5":2,"6":0,"7":0,"8":0},"b":{"0":[2,0],"1":[2,0],"2":[0,0]},"_coverageSchema":"332fd63041d2c1bcb487cc26dd0d5f7d97098a6c","hash":"95ebfe5c8fafcada37a787d355d453f39d0e1f86"}
,"/Users/Mathias/Dropbox/Academics/NTNU/År 3 2018-19/Semester 1 Høst 2018/webutvikling/øving_3/it2810-webutvikling-h18-prosjekt-3-40/strong-as-bull/screens/notes/NoteListScreen.js": {"path":"/Users/Mathias/Dropbox/Academics/NTNU/År 3 2018-19/Semester 1 Høst 2018/webutvikling/øving_3/it2810-webutvikling-h18-prosjekt-3-40/strong-as-bull/screens/notes/NoteListScreen.js","statementMap":{"0":{"start":{"line":12,"column":8},"end":{"line":25,"column":10}},"1":{"start":{"line":16,"column":20},"end":{"line":19,"column":23}},"2":{"start":{"line":30,"column":8},"end":{"line":30,"column":21}},"3":{"start":{"line":31,"column":8},"end":{"line":33,"column":10}},"4":{"start":{"line":37,"column":8},"end":{"line":37,"column":25}},"5":{"start":{"line":38,"column":8},"end":{"line":41,"column":10}},"6":{"start":{"line":46,"column":20},"end":{"line":93,"column":10}},"7":{"start":{"line":47,"column":12},"end":{"line":91,"column":23}},"8":{"start":{"line":52,"column":28},"end":{"line":58,"column":30}},"9":{"start":{"line":64,"column":28},"end":{"line":74,"column":30}},"10":{"start":{"line":68,"column":64},"end":{"line":68,"column":93}},"11":{"start":{"line":69,"column":65},"end":{"line":69,"column":85}},"12":{"start":{"line":95,"column":8},"end":{"line":102,"column":10}},"13":{"start":{"line":106,"column":22},"end":{"line":106,"column":38}},"14":{"start":{"line":107,"column":8},"end":{"line":107,"column":30}},"15":{"start":{"line":108,"column":8},"end":{"line":110,"column":11}},"16":{"start":{"line":111,"column":8},"end":{"line":111,"column":24}},"17":{"start":{"line":116,"column":22},"end":{"line":116,"column":38}},"18":{"start":{"line":117,"column":8},"end":{"line":117,"column":31}},"19":{"start":{"line":118,"column":8},"end":{"line":118,"column":40}},"20":{"start":{"line":119,"column":8},"end":{"line":119,"column":24}},"21":{"start":{"line":123,"column":23},"end":{"line":123,"column":55}},"22":{"start":{"line":124,"column":8},"end":{"line":124,"column":51}},"23":{"start":{"line":128,"column":8},"end":{"line":136,"column":9}},"24":{"start":{"line":129,"column":27},"end":{"line":129,"column":77}},"25":{"start":{"line":130,"column":12},"end":{"line":132,"column":13}},"26":{"start":{"line":131,"column":16},"end":{"line":131,"column":49}},"27":{"start":{"line":135,"column":12},"end":{"line":135,"column":25}},"28":{"start":{"line":140,"column":22},"end":{"line":140,"column":38}},"29":{"start":{"line":141,"column":8},"end":{"line":141,"column":31}},"30":{"start":{"line":142,"column":8},"end":{"line":144,"column":11}},"31":{"start":{"line":145,"column":8},"end":{"line":145,"column":24}},"32":{"start":{"line":152,"column":15},"end":{"line":164,"column":2}}},"fnMap":{"0":{"name":"(anonymous_0)","decl":{"start":{"line":11,"column":31},"end":{"line":11,"column":32}},"loc":{"start":{"line":11,"column":51},"end":{"line":26,"column":5}},"line":11},"1":{"name":"(anonymous_1)","decl":{"start":{"line":15,"column":43},"end":{"line":15,"column":44}},"loc":{"start":{"line":15,"column":48},"end":{"line":20,"column":17}},"line":15},"2":{"name":"(anonymous_2)","decl":{"start":{"line":29,"column":4},"end":{"line":29,"column":5}},"loc":{"start":{"line":29,"column":23},"end":{"line":34,"column":5}},"line":29},"3":{"name":"(anonymous_3)","decl":{"start":{"line":36,"column":4},"end":{"line":36,"column":5}},"loc":{"start":{"line":36,"column":23},"end":{"line":42,"column":5}},"line":36},"4":{"name":"(anonymous_4)","decl":{"start":{"line":44,"column":4},"end":{"line":44,"column":5}},"loc":{"start":{"line":44,"column":13},"end":{"line":103,"column":5}},"line":44},"5":{"name":"(anonymous_5)","decl":{"start":{"line":46,"column":41},"end":{"line":46,"column":42}},"loc":{"start":{"line":46,"column":55},"end":{"line":93,"column":9}},"line":46},"6":{"name":"(anonymous_6)","decl":{"start":{"line":51,"column":33},"end":{"line":51,"column":34}},"loc":{"start":{"line":51,"column":39},"end":{"line":59,"column":25}},"line":51},"7":{"name":"(anonymous_7)","decl":{"start":{"line":63,"column":33},"end":{"line":63,"column":34}},"loc":{"start":{"line":63,"column":39},"end":{"line":75,"column":25}},"line":63},"8":{"name":"(anonymous_8)","decl":{"start":{"line":68,"column":58},"end":{"line":68,"column":59}},"loc":{"start":{"line":68,"column":64},"end":{"line":68,"column":93}},"line":68},"9":{"name":"(anonymous_9)","decl":{"start":{"line":69,"column":59},"end":{"line":69,"column":60}},"loc":{"start":{"line":69,"column":65},"end":{"line":69,"column":85}},"line":69},"10":{"name":"(anonymous_10)","decl":{"start":{"line":105,"column":4},"end":{"line":105,"column":5}},"loc":{"start":{"line":105,"column":21},"end":{"line":112,"column":5}},"line":105},"11":{"name":"(anonymous_11)","decl":{"start":{"line":115,"column":4},"end":{"line":115,"column":5}},"loc":{"start":{"line":115,"column":26},"end":{"line":120,"column":5}},"line":115},"12":{"name":"(anonymous_12)","decl":{"start":{"line":122,"column":4},"end":{"line":122,"column":5}},"loc":{"start":{"line":122,"column":15},"end":{"line":125,"column":5}},"line":122},"13":{"name":"(anonymous_13)","decl":{"start":{"line":127,"column":16},"end":{"line":127,"column":17}},"loc":{"start":{"line":127,"column":28},"end":{"line":137,"column":5}},"line":127},"14":{"name":"(anonymous_14)","decl":{"start":{"line":139,"column":4},"end":{"line":139,"column":5}},"loc":{"start":{"line":139,"column":20},"end":{"line":146,"column":5}},"line":139}},"branchMap":{"0":{"loc":{"start":{"line":130,"column":12},"end":{"line":132,"column":13}},"type":"if","locations":[{"start":{"line":130,"column":12},"end":{"line":132,"column":13}},{"start":{"line":130,"column":12},"end":{"line":132,"column":13}}],"line":130}},"s":{"0":0,"1":0,"2":1,"3":1,"4":0,"5":0,"6":1,"7":0,"8":0,"9":0,"10":0,"11":0,"12":1,"13":0,"14":0,"15":0,"16":0,"17":0,"18":0,"19":0,"20":0,"21":0,"22":0,"23":0,"24":0,"25":0,"26":0,"27":0,"28":0,"29":0,"30":0,"31":0,"32":2},"f":{"0":0,"1":0,"2":1,"3":0,"4":1,"5":0,"6":0,"7":0,"8":0,"9":0,"10":0,"11":0,"12":0,"13":0,"14":0},"b":{"0":[0,0]},"_coverageSchema":"332fd63041d2c1bcb487cc26dd0d5f7d97098a6c","hash":"5b158eb123f5ae2f7d90bab4ffb312c9ff6cd171"}
,"/Users/Mathias/Dropbox/Academics/NTNU/År 3 2018-19/Semester 1 Høst 2018/webutvikling/øving_3/it2810-webutvikling-h18-prosjekt-3-40/strong-as-bull/screens/notes/ViewNoteScreen.js": {"path":"/Users/Mathias/Dropbox/Academics/NTNU/År 3 2018-19/Semester 1 Høst 2018/webutvikling/øving_3/it2810-webutvikling-h18-prosjekt-3-40/strong-as-bull/screens/notes/ViewNoteScreen.js","statementMap":{"0":{"start":{"line":13,"column":8},"end":{"line":13,"column":21}},"1":{"start":{"line":14,"column":8},"end":{"line":16,"column":10}},"2":{"start":{"line":21,"column":8},"end":{"line":30,"column":9}},"3":{"start":{"line":34,"column":15},"end":{"line":51,"column":2}}},"fnMap":{"0":{"name":"(anonymous_0)","decl":{"start":{"line":12,"column":4},"end":{"line":12,"column":5}},"loc":{"start":{"line":12,"column":23},"end":{"line":17,"column":5}},"line":12},"1":{"name":"(anonymous_1)","decl":{"start":{"line":20,"column":4},"end":{"line":20,"column":5}},"loc":{"start":{"line":20,"column":12},"end":{"line":31,"column":5}},"line":20}},"branchMap":{},"s":{"0":0,"1":0,"2":0,"3":2},"f":{"0":0,"1":0},"b":{},"_coverageSchema":"332fd63041d2c1bcb487cc26dd0d5f7d97098a6c","hash":"7faba1c432af3ea9f6d280f5a6eb984565ae77b9"}
}
