TN:
SF:/Users/Mathias/Dropbox/Academics/NTNU/År 3 2018-19/Semester 1 Høst 2018/webutvikling/øving_3/it2810-webutvikling-h18-prosjekt-3-40/strong-as-bull/App.js
FN:11,(anonymous_0)
FN:30,(anonymous_1)
FN:46,(anonymous_2)
FN:52,(anonymous_3)
FNF:4
FNH:3
FNDA:3,(anonymous_0)
FNDA:1,(anonymous_1)
FNDA:0,(anonymous_2)
FNDA:1,(anonymous_3)
DA:12,3
DA:13,1
DA:21,2
DA:31,1
DA:49,0
DA:53,1
DA:57,1
LF:7
LH:6
BRDA:12,0,0,1
BRDA:12,0,1,2
BRDA:12,1,0,3
BRDA:12,1,1,2
BRDA:23,2,0,2
BRDA:23,2,1,2
BRF:6
BRH:6
end_of_record
TN:
SF:/Users/Mathias/Dropbox/Academics/NTNU/År 3 2018-19/Semester 1 Høst 2018/webutvikling/øving_3/it2810-webutvikling-h18-prosjekt-3-40/strong-as-bull/assets/fonts/SpaceMono-Regular.ttf
FNF:0
FNH:0
DA:1,1
LF:1
LH:1
BRF:0
BRH:0
end_of_record
TN:
SF:/Users/Mathias/Dropbox/Academics/NTNU/År 3 2018-19/Semester 1 Høst 2018/webutvikling/øving_3/it2810-webutvikling-h18-prosjekt-3-40/strong-as-bull/assets/images/icon.png
FNF:0
FNH:0
DA:1,2
LF:1
LH:1
BRF:0
BRH:0
end_of_record
TN:
SF:/Users/Mathias/Dropbox/Academics/NTNU/År 3 2018-19/Semester 1 Høst 2018/webutvikling/øving_3/it2810-webutvikling-h18-prosjekt-3-40/strong-as-bull/assets/images/robot-dev.png
FNF:0
FNH:0
DA:1,1
LF:1
LH:1
BRF:0
BRH:0
end_of_record
TN:
SF:/Users/Mathias/Dropbox/Academics/NTNU/År 3 2018-19/Semester 1 Høst 2018/webutvikling/øving_3/it2810-webutvikling-h18-prosjekt-3-40/strong-as-bull/assets/images/robot-prod.png
FNF:0
FNH:0
DA:1,1
LF:1
LH:1
BRF:0
BRH:0
end_of_record
TN:
SF:/Users/Mathias/Dropbox/Academics/NTNU/År 3 2018-19/Semester 1 Høst 2018/webutvikling/øving_3/it2810-webutvikling-h18-prosjekt-3-40/strong-as-bull/components/Note.js
FN:7,(anonymous_0)
FN:13,(anonymous_1)
FNF:2
FNH:0
FNDA:0,(anonymous_0)
FNDA:0,(anonymous_1)
DA:10,0
DA:13,0
DA:28,2
LF:3
LH:1
BRDA:17,0,0,0
BRDA:17,0,1,0
BRF:2
BRH:0
end_of_record
TN:
SF:/Users/Mathias/Dropbox/Academics/NTNU/År 3 2018-19/Semester 1 Høst 2018/webutvikling/øving_3/it2810-webutvikling-h18-prosjekt-3-40/strong-as-bull/components/Pedometer.js
FN:13,(anonymous_0)
FN:24,(anonymous_1)
FN:28,(anonymous_2)
FN:32,(anonymous_3)
FN:34,(anonymous_4)
FN:53,(anonymous_5)
FN:58,(anonymous_6)
FN:70,(anonymous_7)
FN:87,(anonymous_8)
FN:95,(anonymous_9)
FN:101,(anonymous_10)
FNF:11
FNH:0
FNDA:0,(anonymous_0)
FNDA:0,(anonymous_1)
FNDA:0,(anonymous_2)
FNDA:0,(anonymous_3)
FNDA:0,(anonymous_4)
FNDA:0,(anonymous_5)
FNDA:0,(anonymous_6)
FNDA:0,(anonymous_7)
FNDA:0,(anonymous_8)
FNDA:0,(anonymous_9)
FNDA:0,(anonymous_10)
DA:14,0
DA:15,0
DA:25,0
DA:29,0
DA:34,0
DA:35,0
DA:39,0
DA:40,0
DA:45,0
DA:52,0
DA:54,0
DA:59,0
DA:65,0
DA:66,0
DA:67,0
DA:69,0
DA:71,0
DA:76,0
DA:77,0
DA:82,0
DA:88,0
DA:97,0
DA:98,0
DA:102,0
DA:112,2
DA:122,2
LF:26
LH:2
BRDA:39,0,0,0
BRDA:39,0,1,0
BRDA:76,1,0,0
BRDA:76,1,1,0
BRDA:97,2,0,0
BRDA:97,2,1,0
BRF:6
BRH:0
end_of_record
TN:
SF:/Users/Mathias/Dropbox/Academics/NTNU/År 3 2018-19/Semester 1 Høst 2018/webutvikling/øving_3/it2810-webutvikling-h18-prosjekt-3-40/strong-as-bull/components/StyledText.js
FN:5,(anonymous_0)
FNF:1
FNH:1
FNDA:1,(anonymous_0)
DA:6,1
LF:1
LH:1
BRF:0
BRH:0
end_of_record
TN:
SF:/Users/Mathias/Dropbox/Academics/NTNU/År 3 2018-19/Semester 1 Høst 2018/webutvikling/øving_3/it2810-webutvikling-h18-prosjekt-3-40/strong-as-bull/components/TabBarIcon.js
FN:7,(anonymous_0)
FNF:1
FNH:1
FNDA:16,(anonymous_0)
DA:8,16
LF:1
LH:1
BRDA:13,0,0,8
BRDA:13,0,1,8
BRF:2
BRH:2
end_of_record
TN:
SF:/Users/Mathias/Dropbox/Academics/NTNU/År 3 2018-19/Semester 1 Høst 2018/webutvikling/øving_3/it2810-webutvikling-h18-prosjekt-3-40/strong-as-bull/components/Contacts/Contact.js
FN:7,(anonymous_0)
FN:14,(anonymous_1)
FNF:2
FNH:0
FNDA:0,(anonymous_0)
FNDA:0,(anonymous_1)
DA:10,0
DA:14,0
DA:34,3
LF:3
LH:1
BRDA:23,0,0,0
BRDA:23,0,1,0
BRF:2
BRH:0
end_of_record
TN:
SF:/Users/Mathias/Dropbox/Academics/NTNU/År 3 2018-19/Semester 1 Høst 2018/webutvikling/øving_3/it2810-webutvikling-h18-prosjekt-3-40/strong-as-bull/constants/Colors.js
FNF:0
FNH:0
DA:1,1
LF:1
LH:1
BRF:0
BRH:0
end_of_record
TN:
SF:/Users/Mathias/Dropbox/Academics/NTNU/År 3 2018-19/Semester 1 Høst 2018/webutvikling/øving_3/it2810-webutvikling-h18-prosjekt-3-40/strong-as-bull/navigation/AppNavigator.js
FNF:0
FNH:0
LF:0
LH:0
BRF:0
BRH:0
end_of_record
TN:
SF:/Users/Mathias/Dropbox/Academics/NTNU/År 3 2018-19/Semester 1 Høst 2018/webutvikling/øving_3/it2810-webutvikling-h18-prosjekt-3-40/strong-as-bull/navigation/ContactsStackNavigator.js
FNF:0
FNH:0
DA:10,1
LF:1
LH:1
BRF:0
BRH:0
end_of_record
TN:
SF:/Users/Mathias/Dropbox/Academics/NTNU/År 3 2018-19/Semester 1 Høst 2018/webutvikling/øving_3/it2810-webutvikling-h18-prosjekt-3-40/strong-as-bull/navigation/GoalsStackNavigation.js
FNF:0
FNH:0
DA:8,1
LF:1
LH:1
BRF:0
BRH:0
end_of_record
TN:
SF:/Users/Mathias/Dropbox/Academics/NTNU/År 3 2018-19/Semester 1 Høst 2018/webutvikling/øving_3/it2810-webutvikling-h18-prosjekt-3-40/strong-as-bull/navigation/MainTabNavigator.js
FN:19,(anonymous_0)
FN:39,(anonymous_1)
FN:56,(anonymous_2)
FN:72,(anonymous_3)
FNF:4
FNH:4
FNDA:4,(anonymous_0)
FNDA:4,(anonymous_1)
FNDA:4,(anonymous_2)
FNDA:4,(anonymous_3)
DA:13,1
DA:17,1
DA:20,4
DA:31,1
DA:37,1
DA:40,4
DA:47,1
DA:54,1
DA:57,4
DA:64,1
DA:70,1
DA:73,4
LF:12
LH:12
BRDA:23,0,0,4
BRDA:23,0,1,0
BRDA:24,1,0,2
BRDA:24,1,1,2
BRDA:42,2,0,4
BRDA:42,2,1,0
BRDA:42,3,0,2
BRDA:42,3,1,2
BRDA:59,4,0,4
BRDA:59,4,1,0
BRDA:59,5,0,2
BRDA:59,5,1,2
BRDA:75,6,0,4
BRDA:75,6,1,0
BRDA:75,7,0,2
BRDA:75,7,1,2
BRF:16
BRH:12
end_of_record
TN:
SF:/Users/Mathias/Dropbox/Academics/NTNU/År 3 2018-19/Semester 1 Høst 2018/webutvikling/øving_3/it2810-webutvikling-h18-prosjekt-3-40/strong-as-bull/navigation/NotesStackNavigator.js
FNF:0
FNH:0
DA:10,1
LF:1
LH:1
BRF:0
BRH:0
end_of_record
TN:
SF:/Users/Mathias/Dropbox/Academics/NTNU/År 3 2018-19/Semester 1 Høst 2018/webutvikling/øving_3/it2810-webutvikling-h18-prosjekt-3-40/strong-as-bull/screens/HomeScreen.js
FN:12,(anonymous_0)
FNF:1
FNH:1
FNDA:3,(anonymous_0)
DA:14,3
DA:31,2
LF:2
LH:2
BRF:0
BRH:0
end_of_record
TN:
SF:/Users/Mathias/Dropbox/Academics/NTNU/År 3 2018-19/Semester 1 Høst 2018/webutvikling/øving_3/it2810-webutvikling-h18-prosjekt-3-40/strong-as-bull/screens/contacts/ContactListScreen.js
FN:12,(anonymous_0)
FN:16,(anonymous_1)
FN:30,(anonymous_2)
FN:37,(anonymous_3)
FN:53,(anonymous_4)
FN:55,(anonymous_5)
FN:60,(anonymous_6)
FN:72,(anonymous_7)
FN:77,(anonymous_8)
FN:78,(anonymous_9)
FN:113,(anonymous_10)
FN:123,(anonymous_11)
FN:130,(anonymous_12)
FN:135,(anonymous_13)
FN:146,(anonymous_14)
FNF:15
FNH:2
FNDA:0,(anonymous_0)
FNDA:0,(anonymous_1)
FNDA:1,(anonymous_2)
FNDA:0,(anonymous_3)
FNDA:1,(anonymous_4)
FNDA:0,(anonymous_5)
FNDA:0,(anonymous_6)
FNDA:0,(anonymous_7)
FNDA:0,(anonymous_8)
FNDA:0,(anonymous_9)
FNDA:0,(anonymous_10)
FNDA:0,(anonymous_11)
FNDA:0,(anonymous_12)
FNDA:0,(anonymous_13)
FNDA:0,(anonymous_14)
DA:13,0
DA:17,0
DA:31,1
DA:32,1
DA:39,0
DA:40,0
DA:41,0
DA:42,0
DA:45,0
DA:55,1
DA:56,0
DA:61,0
DA:73,0
DA:77,0
DA:78,0
DA:104,1
DA:114,0
DA:115,0
DA:116,0
DA:119,0
DA:124,0
DA:125,0
DA:126,0
DA:127,0
DA:131,0
DA:132,0
DA:136,0
DA:137,0
DA:138,0
DA:139,0
DA:142,0
DA:147,0
DA:148,0
DA:149,0
DA:152,0
DA:159,3
LF:36
LH:5
BRDA:40,0,0,0
BRDA:40,0,1,0
BRDA:138,1,0,0
BRDA:138,1,1,0
BRF:4
BRH:0
end_of_record
TN:
SF:/Users/Mathias/Dropbox/Academics/NTNU/År 3 2018-19/Semester 1 Høst 2018/webutvikling/øving_3/it2810-webutvikling-h18-prosjekt-3-40/strong-as-bull/screens/contacts/CreateContactScreen.js
FN:19,(anonymous_0)
FN:35,(anonymous_1)
FN:54,(anonymous_2)
FN:60,(anonymous_3)
FN:64,(anonymous_4)
FN:68,(anonymous_5)
FN:85,(anonymous_6)
FN:97,(anonymous_7)
FN:109,(anonymous_8)
FN:121,(anonymous_9)
FN:132,(anonymous_10)
FN:139,(anonymous_11)
FNF:12
FNH:3
FNDA:2,(anonymous_0)
FNDA:2,(anonymous_1)
FNDA:0,(anonymous_2)
FNDA:0,(anonymous_3)
FNDA:0,(anonymous_4)
FNDA:4,(anonymous_5)
FNDA:0,(anonymous_6)
FNDA:0,(anonymous_7)
FNDA:0,(anonymous_8)
FNDA:0,(anonymous_9)
FNDA:0,(anonymous_10)
FNDA:0,(anonymous_11)
DA:20,2
DA:21,2
DA:36,2
DA:37,2
DA:50,2
DA:55,0
DA:61,0
DA:65,0
DA:70,4
DA:72,4
DA:86,0
DA:98,0
DA:110,0
DA:122,0
DA:133,0
DA:140,0
DA:148,0
DA:149,0
DA:150,0
DA:152,0
DA:155,0
DA:165,2
LF:22
LH:8
BRDA:82,0,0,4
BRDA:82,0,1,0
BRDA:94,1,0,4
BRDA:94,1,1,0
BRDA:106,2,0,4
BRDA:106,2,1,0
BRDA:118,3,0,4
BRDA:118,3,1,0
BRDA:149,4,0,0
BRDA:149,4,1,0
BRF:10
BRH:4
end_of_record
TN:
SF:/Users/Mathias/Dropbox/Academics/NTNU/År 3 2018-19/Semester 1 Høst 2018/webutvikling/øving_3/it2810-webutvikling-h18-prosjekt-3-40/strong-as-bull/screens/contacts/ViewContactScreen.js
FN:12,(anonymous_0)
FN:25,(anonymous_1)
FNF:2
FNH:0
FNDA:0,(anonymous_0)
FNDA:0,(anonymous_1)
DA:13,0
DA:14,0
DA:17,0
DA:26,0
DA:47,2
LF:5
LH:1
BRF:0
BRH:0
end_of_record
TN:
SF:/Users/Mathias/Dropbox/Academics/NTNU/År 3 2018-19/Semester 1 Høst 2018/webutvikling/øving_3/it2810-webutvikling-h18-prosjekt-3-40/strong-as-bull/screens/goals/CreateGoalScreen.js
FN:10,(anonymous_0)
FN:17,(anonymous_1)
FN:31,(anonymous_2)
FN:39,(anonymous_3)
FN:42,(anonymous_4)
FNF:5
FNH:2
FNDA:1,(anonymous_0)
FNDA:0,(anonymous_1)
FNDA:1,(anonymous_2)
FNDA:0,(anonymous_3)
FNDA:0,(anonymous_4)
DA:11,1
DA:12,1
DA:18,0
DA:19,0
DA:20,0
DA:21,0
DA:22,0
DA:23,0
DA:24,0
DA:27,0
DA:32,1
DA:39,0
DA:42,0
DA:50,2
LF:14
LH:4
BRDA:21,0,0,0
BRDA:21,0,1,0
BRF:2
BRH:0
end_of_record
TN:
SF:/Users/Mathias/Dropbox/Academics/NTNU/År 3 2018-19/Semester 1 Høst 2018/webutvikling/øving_3/it2810-webutvikling-h18-prosjekt-3-40/strong-as-bull/screens/goals/GoalsScreen.js
FN:11,(anonymous_0)
FN:18,(anonymous_1)
FN:22,(anonymous_2)
FN:26,(anonymous_3)
FN:38,(anonymous_4)
FN:38,(anonymous_5)
FNF:6
FNH:3
FNDA:1,(anonymous_0)
FNDA:1,(anonymous_1)
FNDA:0,(anonymous_2)
FNDA:2,(anonymous_3)
FNDA:0,(anonymous_4)
FNDA:0,(anonymous_5)
DA:12,1
DA:13,1
DA:19,1
DA:23,0
DA:27,2
DA:38,0
DA:46,2
LF:7
LH:5
BRF:0
BRH:0
end_of_record
TN:
SF:/Users/Mathias/Dropbox/Academics/NTNU/År 3 2018-19/Semester 1 Høst 2018/webutvikling/øving_3/it2810-webutvikling-h18-prosjekt-3-40/strong-as-bull/screens/notes/CreateNoteScreen.js
FN:16,(anonymous_0)
FN:28,(anonymous_1)
FN:43,(anonymous_2)
FN:49,(anonymous_3)
FN:53,(anonymous_4)
FN:57,(anonymous_5)
FN:67,(anonymous_6)
FN:79,(anonymous_7)
FN:86,(anonymous_8)
FNF:9
FNH:3
FNDA:1,(anonymous_0)
FNDA:1,(anonymous_1)
FNDA:0,(anonymous_2)
FNDA:0,(anonymous_3)
FNDA:0,(anonymous_4)
FNDA:2,(anonymous_5)
FNDA:0,(anonymous_6)
FNDA:0,(anonymous_7)
FNDA:0,(anonymous_8)
DA:17,1
DA:18,1
DA:29,1
DA:30,1
DA:39,1
DA:44,0
DA:50,0
DA:54,0
DA:58,2
DA:68,0
DA:80,0
DA:87,0
DA:91,0
DA:92,0
DA:93,0
DA:95,0
DA:98,0
DA:108,2
LF:18
LH:7
BRDA:64,0,0,2
BRDA:64,0,1,0
BRDA:76,1,0,2
BRDA:76,1,1,0
BRDA:92,2,0,0
BRDA:92,2,1,0
BRF:6
BRH:2
end_of_record
TN:
SF:/Users/Mathias/Dropbox/Academics/NTNU/År 3 2018-19/Semester 1 Høst 2018/webutvikling/øving_3/it2810-webutvikling-h18-prosjekt-3-40/strong-as-bull/screens/notes/NoteListScreen.js
FN:11,(anonymous_0)
FN:15,(anonymous_1)
FN:29,(anonymous_2)
FN:36,(anonymous_3)
FN:44,(anonymous_4)
FN:46,(anonymous_5)
FN:51,(anonymous_6)
FN:63,(anonymous_7)
FN:68,(anonymous_8)
FN:69,(anonymous_9)
FN:105,(anonymous_10)
FN:115,(anonymous_11)
FN:122,(anonymous_12)
FN:127,(anonymous_13)
FN:139,(anonymous_14)
FNF:15
FNH:2
FNDA:0,(anonymous_0)
FNDA:0,(anonymous_1)
FNDA:1,(anonymous_2)
FNDA:0,(anonymous_3)
FNDA:1,(anonymous_4)
FNDA:0,(anonymous_5)
FNDA:0,(anonymous_6)
FNDA:0,(anonymous_7)
FNDA:0,(anonymous_8)
FNDA:0,(anonymous_9)
FNDA:0,(anonymous_10)
FNDA:0,(anonymous_11)
FNDA:0,(anonymous_12)
FNDA:0,(anonymous_13)
FNDA:0,(anonymous_14)
DA:12,0
DA:16,0
DA:30,1
DA:31,1
DA:37,0
DA:38,0
DA:46,1
DA:47,0
DA:52,0
DA:64,0
DA:68,0
DA:69,0
DA:95,1
DA:106,0
DA:107,0
DA:108,0
DA:111,0
DA:116,0
DA:117,0
DA:118,0
DA:119,0
DA:123,0
DA:124,0
DA:128,0
DA:129,0
DA:130,0
DA:131,0
DA:135,0
DA:140,0
DA:141,0
DA:142,0
DA:145,0
DA:152,2
LF:33
LH:5
BRDA:130,0,0,0
BRDA:130,0,1,0
BRF:2
BRH:0
end_of_record
TN:
SF:/Users/Mathias/Dropbox/Academics/NTNU/År 3 2018-19/Semester 1 Høst 2018/webutvikling/øving_3/it2810-webutvikling-h18-prosjekt-3-40/strong-as-bull/screens/notes/ViewNoteScreen.js
FN:12,(anonymous_0)
FN:20,(anonymous_1)
FNF:2
FNH:0
FNDA:0,(anonymous_0)
FNDA:0,(anonymous_1)
DA:13,0
DA:14,0
DA:21,0
DA:34,2
LF:4
LH:1
BRF:0
BRH:0
end_of_record
